<?xml version="1.0" encoding="UTF-8"?>
<!-- Generated by org.testng.reporters.JUnitXMLReporter -->
<testsuite ignored="0" hostname="DESKTOP-K8G3O1C" failures="0" tests="2" name="End End to Framework Test" time="30.436" errors="0" timestamp="2023-02-09T12:36:20 IST">
  <testcase classname="androidFrameworkDesign.eCommerce_tc_4" name="@BeforeMethod preSetup" time="0.637">
    <failure type="org.openqa.selenium.WebDriverException" message="An unknown server-side error occurred while processing the command. Original error: Cannot start the &amp;apos;&amp;apos;com.androidsample.generalstore&amp;apos;&amp;apos; application. Consider checking the driver&amp;apos;s troubleshooting documentation. Original error: Error executing adbExec. Original error: &amp;apos;Command &amp;apos;C:\\Users\\Khadhar\\AppData\\Local\\Android\\Sdk\\platform-tools\\adb.exe -P 5037 -s b043aa38 shell am start -W -n &amp;quot;&amp;apos;com.androidsample.generalstore&amp;apos;/&amp;apos;com.androidsample.generalstore.MainActivity&amp;apos;&amp;quot; -S&amp;apos; exited with code 255&amp;apos;; Command output: Security exception: Permission Denial: starting Intent { flg=0x10000000 cmp=com.androidsample.generalstore/.MainActivity } from null (pid=7696, uid=2000) not exported from uid 10120

java.lang.SecurityException: Permission Denial: starting Intent { flg=0x10000000 cmp=com.androidsample.generalstore/.MainActivity } from null (pid=7696, uid=2000) not exported from uid 10120
	at com.android.server.wm.ActivityStackSupervisor.checkStartAnyActivityPermission(ActivityStackSupervisor.java:1110)
	at com.android.server.wm.ActivityStarter.startActivity(ActivityStarter.java:919)
	at com.android.server.wm.ActivityStarter.startActivity(ActivityStarter.java:628)
	at com.android.server.wm.ActivityStarter.startActivityMayWait(ActivityStarter.java:1495)
	at com.android.server.wm.ActivityStarter.execute(ActivityStarter.java:553)
	at com.android.server.wm.ActivityTaskManagerService.startActivityAndWait(ActivityTaskManagerService.java:1294)
	at com.android.server.am.ActivityManagerService.startActivityAndWait(ActivityManagerService.java:3880)
	at com.android.server.am.ActivityManagerShellCommand.runStartActivity(ActivityManagerShellCommand.java:518)
	at com.android.server.am.ActivityManagerShellCommand.onCommand(ActivityManagerShellCommand.java:177)
	at android.os.ShellCommand.exec(ShellCommand.java:104)
	at com.android.server.am.ActivityManagerService.onShellCommand(ActivityManagerService.java:10843)
	at android.os.Binder.shellCommand(Binder.java:892)
	at android.os.Binder.onTransact(Binder.java:776)
	at android.app.IActivityManager$Stub.onTransact(IActivityManager.java:4575)
	at com.android.server.am.ActivityManagerService.onTransact(ActivityManagerService.java:3017)
	at android.os.Binder.execTransactInternal(Binder.java:1032)
	at android.os.Binder.execTransact(Binder.java:1005)

Build info: version: &amp;apos;4.7.2&amp;apos;, revision: &amp;apos;4d4020c3b7&amp;apos;
System info: os.name: &amp;apos;Windows 10&amp;apos;, os.arch: &amp;apos;amd64&amp;apos;, os.version: &amp;apos;10.0&amp;apos;, java.version: &amp;apos;11.0.17&amp;apos;
Driver info: io.appium.java_client.android.AndroidDriver
Command: [3ae7df2b-f0a9-416d-8b80-ec56196ce574, startActivity {appPackage=&amp;apos;com.androidsample.generalstore&amp;apos;, appActivity=&amp;apos;com.androidsample.generalstore.MainActivity&amp;apos;, appWaitPackage=, appWaitActivity=, dontStopAppOnReset=false, intentAction=, intentCategory=, intentFlags=, optionalIntentArguments=}]
Capabilities {appium:app: C:\Users\Khadhar\eclipse-wo..., appium:appPackage: com.androidsample.generalstore, appium:automationName: UIAutomator2, appium:chromedriverExecutable: C://Users//Khadhar//Downloa..., appium:databaseEnabled: false, appium:desired: {app: C:\Users\Khadhar\eclipse-wo..., automationName: UIAutomator2, chromedriverExecutable: C://Users//Khadhar//Downloa..., deviceName: OnePlus ONEPLUS A5000, platformName: android}, appium:deviceApiLevel: 29, appium:deviceManufacturer: OnePlus, appium:deviceModel: ONEPLUS A5000, appium:deviceName: b043aa38, appium:deviceScreenDensity: 380, appium:deviceScreenSize: 1080x1920, appium:deviceUDID: b043aa38, appium:javascriptEnabled: true, appium:locationContextEnabled: false, appium:networkConnectionEnabled: true, appium:pixelRatio: 2.375, appium:platformVersion: 10, appium:statBarHeight: 57, appium:takesScreenshot: true, appium:viewportRect: {height: 1863, left: 0, top: 57, width: 1080}, appium:warnings: {}, appium:webStorageEnabled: false, platformName: ANDROID}
Session ID: 3ae7df2b-f0a9-416d-8b80-ec56196ce574">
      <![CDATA[org.openqa.selenium.WebDriverException: An unknown server-side error occurred while processing the command. Original error: Cannot start the ''com.androidsample.generalstore'' application. Consider checking the driver's troubleshooting documentation. Original error: Error executing adbExec. Original error: 'Command 'C:\\Users\\Khadhar\\AppData\\Local\\Android\\Sdk\\platform-tools\\adb.exe -P 5037 -s b043aa38 shell am start -W -n "'com.androidsample.generalstore'/'com.androidsample.generalstore.MainActivity'" -S' exited with code 255'; Command output: Security exception: Permission Denial: starting Intent { flg=0x10000000 cmp=com.androidsample.generalstore/.MainActivity } from null (pid=7696, uid=2000) not exported from uid 10120

java.lang.SecurityException: Permission Denial: starting Intent { flg=0x10000000 cmp=com.androidsample.generalstore/.MainActivity } from null (pid=7696, uid=2000) not exported from uid 10120
at com.android.server.wm.ActivityStackSupervisor.checkStartAnyActivityPermission(ActivityStackSupervisor.java:1110)
at com.android.server.wm.ActivityStarter.startActivity(ActivityStarter.java:919)
at com.android.server.wm.ActivityStarter.startActivity(ActivityStarter.java:628)
at com.android.server.wm.ActivityStarter.startActivityMayWait(ActivityStarter.java:1495)
at com.android.server.wm.ActivityStarter.execute(ActivityStarter.java:553)
at com.android.server.wm.ActivityTaskManagerService.startActivityAndWait(ActivityTaskManagerService.java:1294)
at com.android.server.am.ActivityManagerService.startActivityAndWait(ActivityManagerService.java:3880)
at com.android.server.am.ActivityManagerShellCommand.runStartActivity(ActivityManagerShellCommand.java:518)
at com.android.server.am.ActivityManagerShellCommand.onCommand(ActivityManagerShellCommand.java:177)
at android.os.ShellCommand.exec(ShellCommand.java:104)
at com.android.server.am.ActivityManagerService.onShellCommand(ActivityManagerService.java:10843)
at android.os.Binder.shellCommand(Binder.java:892)
at android.os.Binder.onTransact(Binder.java:776)
at android.app.IActivityManager$Stub.onTransact(IActivityManager.java:4575)
at com.android.server.am.ActivityManagerService.onTransact(ActivityManagerService.java:3017)
at android.os.Binder.execTransactInternal(Binder.java:1032)
at android.os.Binder.execTransact(Binder.java:1005)

Build info: version: '4.7.2', revision: '4d4020c3b7'
System info: os.name: 'Windows 10', os.arch: 'amd64', os.version: '10.0', java.version: '11.0.17'
Driver info: io.appium.java_client.android.AndroidDriver
Command: [3ae7df2b-f0a9-416d-8b80-ec56196ce574, startActivity {appPackage='com.androidsample.generalstore', appActivity='com.androidsample.generalstore.MainActivity', appWaitPackage=, appWaitActivity=, dontStopAppOnReset=false, intentAction=, intentCategory=, intentFlags=, optionalIntentArguments=}]
Capabilities {appium:app: C:\Users\Khadhar\eclipse-wo..., appium:appPackage: com.androidsample.generalstore, appium:automationName: UIAutomator2, appium:chromedriverExecutable: C://Users//Khadhar//Downloa..., appium:databaseEnabled: false, appium:desired: {app: C:\Users\Khadhar\eclipse-wo..., automationName: UIAutomator2, chromedriverExecutable: C://Users//Khadhar//Downloa..., deviceName: OnePlus ONEPLUS A5000, platformName: android}, appium:deviceApiLevel: 29, appium:deviceManufacturer: OnePlus, appium:deviceModel: ONEPLUS A5000, appium:deviceName: b043aa38, appium:deviceScreenDensity: 380, appium:deviceScreenSize: 1080x1920, appium:deviceUDID: b043aa38, appium:javascriptEnabled: true, appium:locationContextEnabled: false, appium:networkConnectionEnabled: true, appium:pixelRatio: 2.375, appium:platformVersion: 10, appium:statBarHeight: 57, appium:takesScreenshot: true, appium:viewportRect: {height: 1863, left: 0, top: 57, width: 1080}, appium:warnings: {}, appium:webStorageEnabled: false, platformName: ANDROID}
Session ID: 3ae7df2b-f0a9-416d-8b80-ec56196ce574
at org.openqa.selenium.remote.codec.w3c.W3CHttpResponseCodec.createException(W3CHttpResponseCodec.java:200)
at org.openqa.selenium.remote.codec.w3c.W3CHttpResponseCodec.decode(W3CHttpResponseCodec.java:133)
at org.openqa.selenium.remote.codec.w3c.W3CHttpResponseCodec.decode(W3CHttpResponseCodec.java:53)
at org.openqa.selenium.remote.HttpCommandExecutor.execute(HttpCommandExecutor.java:184)
at io.appium.java_client.remote.AppiumCommandExecutor.execute(AppiumCommandExecutor.java:262)
at org.openqa.selenium.remote.RemoteWebDriver.execute(RemoteWebDriver.java:535)
at org.openqa.selenium.remote.RemoteWebDriver.execute(RemoteWebDriver.java:590)
at io.appium.java_client.AppiumDriver.execute(AppiumDriver.java:267)
at io.appium.java_client.CommandExecutionHelper.execute(CommandExecutionHelper.java:27)
at io.appium.java_client.android.StartsActivity.startActivity(StartsActivity.java:45)
at com.frameworkdesign.pageobjects.android.FormPage.setActivity(FormPage.java:54)
at androidFrameworkDesign.eCommerce_tc_4.preSetup(eCommerce_tc_4.java:48)
at java.base/java.util.ArrayList.forEach(ArrayList.java:1541)
... Removed 39 stack frames]]>
    </failure>
  </testcase> <!-- @BeforeMethod preSetup -->
  <testcase classname="androidFrameworkDesign.eCommerce_tc_4" name="@BeforeMethod preSetup" time="0.481">
    <failure type="org.openqa.selenium.WebDriverException" message="An unknown server-side error occurred while processing the command. Original error: Cannot start the &amp;apos;&amp;apos;com.androidsample.generalstore&amp;apos;&amp;apos; application. Consider checking the driver&amp;apos;s troubleshooting documentation. Original error: Error executing adbExec. Original error: &amp;apos;Command &amp;apos;C:\\Users\\Khadhar\\AppData\\Local\\Android\\Sdk\\platform-tools\\adb.exe -P 5037 -s b043aa38 shell am start -W -n &amp;quot;&amp;apos;com.androidsample.generalstore&amp;apos;/&amp;apos;com.androidsample.generalstore.MainActivity&amp;apos;&amp;quot; -S&amp;apos; exited with code 255&amp;apos;; Command output: Security exception: Permission Denial: starting Intent { flg=0x10000000 cmp=com.androidsample.generalstore/.MainActivity } from null (pid=7711, uid=2000) not exported from uid 10120

java.lang.SecurityException: Permission Denial: starting Intent { flg=0x10000000 cmp=com.androidsample.generalstore/.MainActivity } from null (pid=7711, uid=2000) not exported from uid 10120
	at com.android.server.wm.ActivityStackSupervisor.checkStartAnyActivityPermission(ActivityStackSupervisor.java:1110)
	at com.android.server.wm.ActivityStarter.startActivity(ActivityStarter.java:919)
	at com.android.server.wm.ActivityStarter.startActivity(ActivityStarter.java:628)
	at com.android.server.wm.ActivityStarter.startActivityMayWait(ActivityStarter.java:1495)
	at com.android.server.wm.ActivityStarter.execute(ActivityStarter.java:553)
	at com.android.server.wm.ActivityTaskManagerService.startActivityAndWait(ActivityTaskManagerService.java:1294)
	at com.android.server.am.ActivityManagerService.startActivityAndWait(ActivityManagerService.java:3880)
	at com.android.server.am.ActivityManagerShellCommand.runStartActivity(ActivityManagerShellCommand.java:518)
	at com.android.server.am.ActivityManagerShellCommand.onCommand(ActivityManagerShellCommand.java:177)
	at android.os.ShellCommand.exec(ShellCommand.java:104)
	at com.android.server.am.ActivityManagerService.onShellCommand(ActivityManagerService.java:10843)
	at android.os.Binder.shellCommand(Binder.java:892)
	at android.os.Binder.onTransact(Binder.java:776)
	at android.app.IActivityManager$Stub.onTransact(IActivityManager.java:4575)
	at com.android.server.am.ActivityManagerService.onTransact(ActivityManagerService.java:3017)
	at android.os.Binder.execTransactInternal(Binder.java:1032)
	at android.os.Binder.execTransact(Binder.java:1005)

Build info: version: &amp;apos;4.7.2&amp;apos;, revision: &amp;apos;4d4020c3b7&amp;apos;
System info: os.name: &amp;apos;Windows 10&amp;apos;, os.arch: &amp;apos;amd64&amp;apos;, os.version: &amp;apos;10.0&amp;apos;, java.version: &amp;apos;11.0.17&amp;apos;
Driver info: io.appium.java_client.android.AndroidDriver
Command: [3ae7df2b-f0a9-416d-8b80-ec56196ce574, startActivity {appPackage=&amp;apos;com.androidsample.generalstore&amp;apos;, appActivity=&amp;apos;com.androidsample.generalstore.MainActivity&amp;apos;, appWaitPackage=, appWaitActivity=, dontStopAppOnReset=false, intentAction=, intentCategory=, intentFlags=, optionalIntentArguments=}]
Capabilities {appium:app: C:\Users\Khadhar\eclipse-wo..., appium:appPackage: com.androidsample.generalstore, appium:automationName: UIAutomator2, appium:chromedriverExecutable: C://Users//Khadhar//Downloa..., appium:databaseEnabled: false, appium:desired: {app: C:\Users\Khadhar\eclipse-wo..., automationName: UIAutomator2, chromedriverExecutable: C://Users//Khadhar//Downloa..., deviceName: OnePlus ONEPLUS A5000, platformName: android}, appium:deviceApiLevel: 29, appium:deviceManufacturer: OnePlus, appium:deviceModel: ONEPLUS A5000, appium:deviceName: b043aa38, appium:deviceScreenDensity: 380, appium:deviceScreenSize: 1080x1920, appium:deviceUDID: b043aa38, appium:javascriptEnabled: true, appium:locationContextEnabled: false, appium:networkConnectionEnabled: true, appium:pixelRatio: 2.375, appium:platformVersion: 10, appium:statBarHeight: 57, appium:takesScreenshot: true, appium:viewportRect: {height: 1863, left: 0, top: 57, width: 1080}, appium:warnings: {}, appium:webStorageEnabled: false, platformName: ANDROID}
Session ID: 3ae7df2b-f0a9-416d-8b80-ec56196ce574">
      <![CDATA[org.openqa.selenium.WebDriverException: An unknown server-side error occurred while processing the command. Original error: Cannot start the ''com.androidsample.generalstore'' application. Consider checking the driver's troubleshooting documentation. Original error: Error executing adbExec. Original error: 'Command 'C:\\Users\\Khadhar\\AppData\\Local\\Android\\Sdk\\platform-tools\\adb.exe -P 5037 -s b043aa38 shell am start -W -n "'com.androidsample.generalstore'/'com.androidsample.generalstore.MainActivity'" -S' exited with code 255'; Command output: Security exception: Permission Denial: starting Intent { flg=0x10000000 cmp=com.androidsample.generalstore/.MainActivity } from null (pid=7711, uid=2000) not exported from uid 10120

java.lang.SecurityException: Permission Denial: starting Intent { flg=0x10000000 cmp=com.androidsample.generalstore/.MainActivity } from null (pid=7711, uid=2000) not exported from uid 10120
at com.android.server.wm.ActivityStackSupervisor.checkStartAnyActivityPermission(ActivityStackSupervisor.java:1110)
at com.android.server.wm.ActivityStarter.startActivity(ActivityStarter.java:919)
at com.android.server.wm.ActivityStarter.startActivity(ActivityStarter.java:628)
at com.android.server.wm.ActivityStarter.startActivityMayWait(ActivityStarter.java:1495)
at com.android.server.wm.ActivityStarter.execute(ActivityStarter.java:553)
at com.android.server.wm.ActivityTaskManagerService.startActivityAndWait(ActivityTaskManagerService.java:1294)
at com.android.server.am.ActivityManagerService.startActivityAndWait(ActivityManagerService.java:3880)
at com.android.server.am.ActivityManagerShellCommand.runStartActivity(ActivityManagerShellCommand.java:518)
at com.android.server.am.ActivityManagerShellCommand.onCommand(ActivityManagerShellCommand.java:177)
at android.os.ShellCommand.exec(ShellCommand.java:104)
at com.android.server.am.ActivityManagerService.onShellCommand(ActivityManagerService.java:10843)
at android.os.Binder.shellCommand(Binder.java:892)
at android.os.Binder.onTransact(Binder.java:776)
at android.app.IActivityManager$Stub.onTransact(IActivityManager.java:4575)
at com.android.server.am.ActivityManagerService.onTransact(ActivityManagerService.java:3017)
at android.os.Binder.execTransactInternal(Binder.java:1032)
at android.os.Binder.execTransact(Binder.java:1005)

Build info: version: '4.7.2', revision: '4d4020c3b7'
System info: os.name: 'Windows 10', os.arch: 'amd64', os.version: '10.0', java.version: '11.0.17'
Driver info: io.appium.java_client.android.AndroidDriver
Command: [3ae7df2b-f0a9-416d-8b80-ec56196ce574, startActivity {appPackage='com.androidsample.generalstore', appActivity='com.androidsample.generalstore.MainActivity', appWaitPackage=, appWaitActivity=, dontStopAppOnReset=false, intentAction=, intentCategory=, intentFlags=, optionalIntentArguments=}]
Capabilities {appium:app: C:\Users\Khadhar\eclipse-wo..., appium:appPackage: com.androidsample.generalstore, appium:automationName: UIAutomator2, appium:chromedriverExecutable: C://Users//Khadhar//Downloa..., appium:databaseEnabled: false, appium:desired: {app: C:\Users\Khadhar\eclipse-wo..., automationName: UIAutomator2, chromedriverExecutable: C://Users//Khadhar//Downloa..., deviceName: OnePlus ONEPLUS A5000, platformName: android}, appium:deviceApiLevel: 29, appium:deviceManufacturer: OnePlus, appium:deviceModel: ONEPLUS A5000, appium:deviceName: b043aa38, appium:deviceScreenDensity: 380, appium:deviceScreenSize: 1080x1920, appium:deviceUDID: b043aa38, appium:javascriptEnabled: true, appium:locationContextEnabled: false, appium:networkConnectionEnabled: true, appium:pixelRatio: 2.375, appium:platformVersion: 10, appium:statBarHeight: 57, appium:takesScreenshot: true, appium:viewportRect: {height: 1863, left: 0, top: 57, width: 1080}, appium:warnings: {}, appium:webStorageEnabled: false, platformName: ANDROID}
Session ID: 3ae7df2b-f0a9-416d-8b80-ec56196ce574
at org.openqa.selenium.remote.codec.w3c.W3CHttpResponseCodec.createException(W3CHttpResponseCodec.java:200)
at org.openqa.selenium.remote.codec.w3c.W3CHttpResponseCodec.decode(W3CHttpResponseCodec.java:133)
at org.openqa.selenium.remote.codec.w3c.W3CHttpResponseCodec.decode(W3CHttpResponseCodec.java:53)
at org.openqa.selenium.remote.HttpCommandExecutor.execute(HttpCommandExecutor.java:184)
at io.appium.java_client.remote.AppiumCommandExecutor.execute(AppiumCommandExecutor.java:262)
at org.openqa.selenium.remote.RemoteWebDriver.execute(RemoteWebDriver.java:535)
at org.openqa.selenium.remote.RemoteWebDriver.execute(RemoteWebDriver.java:590)
at io.appium.java_client.AppiumDriver.execute(AppiumDriver.java:267)
at io.appium.java_client.CommandExecutionHelper.execute(CommandExecutionHelper.java:27)
at io.appium.java_client.android.StartsActivity.startActivity(StartsActivity.java:45)
at com.frameworkdesign.pageobjects.android.FormPage.setActivity(FormPage.java:54)
at androidFrameworkDesign.eCommerce_tc_4.preSetup(eCommerce_tc_4.java:48)
at java.base/java.util.ArrayList.forEach(ArrayList.java:1541)
... Removed 39 stack frames]]>
    </failure>
  </testcase> <!-- @BeforeMethod preSetup -->
  <testcase classname="androidFrameworkDesign.TestUtils.AndroidBaseTest" name="@AfterClass tearDown" time="0.0">
    <skipped/>
  </testcase> <!-- @AfterClass tearDown -->
  <testcase classname="androidFrameworkDesign.eCommerce_tc_4" name="AddMultipleProductsToCartAndVerifyBrowserNavigation" time="0.0">
    <skipped/>
  </testcase> <!-- AddMultipleProductsToCartAndVerifyBrowserNavigation -->
  <testcase classname="androidFrameworkDesign.eCommerce_tc_4" name="AddMultipleProductsToCartAndVerifyBrowserNavigation" time="0.001">
    <skipped/>
  </testcase> <!-- AddMultipleProductsToCartAndVerifyBrowserNavigation -->
</testsuite> <!-- End End to Framework Test -->
