<?xml version="1.0" encoding="UTF-8"?>
<!-- Generated by org.testng.reporters.JUnitXMLReporter -->
<testsuite ignored="0" hostname="DESKTOP-K8G3O1C" failures="0" tests="2" name="Error Validation Test" time="10.712" errors="0" timestamp="2023-02-09T12:36:31 IST">
  <testcase classname="androidFrameworkDesign.eCommerce_tc_01" name="FillForm_ErrorValidationTest" time="0.0">
    <skipped/>
  </testcase> <!-- FillForm_ErrorValidationTest -->
  <testcase classname="androidFrameworkDesign.eCommerce_tc_01" name="FillForm_PositiveFlowTest" time="0.0">
    <skipped/>
  </testcase> <!-- FillForm_PositiveFlowTest -->
</testsuite> <!-- Error Validation Test -->
