<?xml version="1.0" encoding="UTF-8"?>
<testsuite xmlns:xsi="http://www.w3.org/2001/XMLSchema-instance" xsi:noNamespaceSchemaLocation="https://maven.apache.org/surefire/maven-surefire-plugin/xsd/surefire-test-report-3.0.xsd" version="3.0" name="TestSuite" time="54.46" tests="10" errors="0" skipped="7" failures="3">
  <properties>
[...]
</properties>
  <testcase name="preSetup" classname="androidFrameworkDesign.eCommerce_tc_4" time="42.07">
    <failure message="An unknown server-side error occurred while processing the command. Original error: Cannot start the &apos;&apos;com.androidsample.generalstore&apos;&apos; application. Consider checking the driver&apos;s troubleshooting documentation. Original error: Error executing adbExec. Original error: &apos;Command &apos;C:\\Users\\Khadhar\\AppData\\Local\\Android\\Sdk\\platform-tools\\adb.exe -P 5037 -s b043aa38 shell am start -W -n &quot;&apos;com.androidsample.generalstore&apos;/&apos;com.androidsample.generalstore.MainActivity&apos;&quot; -S&apos; exited with code 255&apos;; Command output: Security exception: Permission Denial: starting Intent { flg=0x10000000 cmp=com.androidsample.generalstore/.MainActivity } from null (pid=7696, uid=2000) not exported from uid 10120&#10;&#10;java.lang.SecurityException: Permission Denial: starting Intent { flg=0x10000000 cmp=com.androidsample.generalstore/.MainActivity } from null (pid=7696, uid=2000) not exported from uid 10120&#10;	at com.android.server.wm.ActivityStackSupervisor.checkStartAnyActivityPermission(ActivityStackSupervisor.java:1110)&#10;	at com.android.server.wm.ActivityStarter.startActivity(ActivityStarter.java:919)&#10;	at com.android.server.wm.ActivityStarter.startActivity(ActivityStarter.java:628)&#10;	at com.android.server.wm.ActivityStarter.startActivityMayWait(ActivityStarter.java:1495)&#10;	at com.android.server.wm.ActivityStarter.execute(ActivityStarter.java:553)&#10;	at com.android.server.wm.ActivityTaskManagerService.startActivityAndWait(ActivityTaskManagerService.java:1294)&#10;	at com.android.server.am.ActivityManagerService.startActivityAndWait(ActivityManagerService.java:3880)&#10;	at com.android.server.am.ActivityManagerShellCommand.runStartActivity(ActivityManagerShellCommand.java:518)&#10;	at com.android.server.am.ActivityManagerShellCommand.onCommand(ActivityManagerShellCommand.java:177)&#10;	at android.os.ShellCommand.exec(ShellCommand.java:104)&#10;	at com.android.server.am.ActivityManagerService.onShellCommand(ActivityManagerService.java:10843)&#10;	at android.os.Binder.shellCommand(Binder.java:892)&#10;	at android.os.Binder.onTransact(Binder.java:776)&#10;	at android.app.IActivityManager$Stub.onTransact(IActivityManager.java:4575)&#10;	at com.android.server.am.ActivityManagerService.onTransact(ActivityManagerService.java:3017)&#10;	at android.os.Binder.execTransactInternal(Binder.java:1032)&#10;	at android.os.Binder.execTransact(Binder.java:1005)&#10;&#10;Build info: version: &apos;4.7.2&apos;, revision: &apos;4d4020c3b7&apos;&#10;System info: os.name: &apos;Windows 10&apos;, os.arch: &apos;amd64&apos;, os.version: &apos;10.0&apos;, java.version: &apos;11.0.17&apos;&#10;Driver info: io.appium.java_client.android.AndroidDriver&#10;Command: [3ae7df2b-f0a9-416d-8b80-ec56196ce574, startActivity {appPackage=&apos;com.androidsample.generalstore&apos;, appActivity=&apos;com.androidsample.generalstore.MainActivity&apos;, appWaitPackage=, appWaitActivity=, dontStopAppOnReset=false, intentAction=, intentCategory=, intentFlags=, optionalIntentArguments=}]&#10;Capabilities {appium:app: C:\Users\Khadhar\eclipse-wo..., appium:appPackage: com.androidsample.generalstore, appium:automationName: UIAutomator2, appium:chromedriverExecutable: C://Users//Khadhar//Downloa..., appium:databaseEnabled: false, appium:desired: {app: C:\Users\Khadhar\eclipse-wo..., automationName: UIAutomator2, chromedriverExecutable: C://Users//Khadhar//Downloa..., deviceName: OnePlus ONEPLUS A5000, platformName: android}, appium:deviceApiLevel: 29, appium:deviceManufacturer: OnePlus, appium:deviceModel: ONEPLUS A5000, appium:deviceName: b043aa38, appium:deviceScreenDensity: 380, appium:deviceScreenSize: 1080x1920, appium:deviceUDID: b043aa38, appium:javascriptEnabled: true, appium:locationContextEnabled: false, appium:networkConnectionEnabled: true, appium:pixelRatio: 2.375, appium:platformVersion: 10, appium:statBarHeight: 57, appium:takesScreenshot: true, appium:viewportRect: {height: 1863, left: 0, top: 57, width: 1080}, appium:warnings: {}, appium:webStorageEnabled: false, platformName: ANDROID}&#10;Session ID: 3ae7df2b-f0a9-416d-8b80-ec56196ce574" type="org.openqa.selenium.WebDriverException"><![CDATA[org.openqa.selenium.WebDriverException: 
An unknown server-side error occurred while processing the command. Original error: Cannot start the ''com.androidsample.generalstore'' application. Consider checking the driver's troubleshooting documentation. Original error: Error executing adbExec. Original error: 'Command 'C:\\Users\\Khadhar\\AppData\\Local\\Android\\Sdk\\platform-tools\\adb.exe -P 5037 -s b043aa38 shell am start -W -n "'com.androidsample.generalstore'/'com.androidsample.generalstore.MainActivity'" -S' exited with code 255'; Command output: Security exception: Permission Denial: starting Intent { flg=0x10000000 cmp=com.androidsample.generalstore/.MainActivity } from null (pid=7696, uid=2000) not exported from uid 10120

java.lang.SecurityException: Permission Denial: starting Intent { flg=0x10000000 cmp=com.androidsample.generalstore/.MainActivity } from null (pid=7696, uid=2000) not exported from uid 10120
	at com.android.server.wm.ActivityStackSupervisor.checkStartAnyActivityPermission(ActivityStackSupervisor.java:1110)
	at com.android.server.wm.ActivityStarter.startActivity(ActivityStarter.java:919)
	at com.android.server.wm.ActivityStarter.startActivity(ActivityStarter.java:628)
	at com.android.server.wm.ActivityStarter.startActivityMayWait(ActivityStarter.java:1495)
	at com.android.server.wm.ActivityStarter.execute(ActivityStarter.java:553)
	at com.android.server.wm.ActivityTaskManagerService.startActivityAndWait(ActivityTaskManagerService.java:1294)
	at com.android.server.am.ActivityManagerService.startActivityAndWait(ActivityManagerService.java:3880)
	at com.android.server.am.ActivityManagerShellCommand.runStartActivity(ActivityManagerShellCommand.java:518)
	at com.android.server.am.ActivityManagerShellCommand.onCommand(ActivityManagerShellCommand.java:177)
	at android.os.ShellCommand.exec(ShellCommand.java:104)
	at com.android.server.am.ActivityManagerService.onShellCommand(ActivityManagerService.java:10843)
	at android.os.Binder.shellCommand(Binder.java:892)
	at android.os.Binder.onTransact(Binder.java:776)
	at android.app.IActivityManager$Stub.onTransact(IActivityManager.java:4575)
	at com.android.server.am.ActivityManagerService.onTransact(ActivityManagerService.java:3017)
	at android.os.Binder.execTransactInternal(Binder.java:1032)
	at android.os.Binder.execTransact(Binder.java:1005)

Build info: version: '4.7.2', revision: '4d4020c3b7'
System info: os.name: 'Windows 10', os.arch: 'amd64', os.version: '10.0', java.version: '11.0.17'
Driver info: io.appium.java_client.android.AndroidDriver
Command: [3ae7df2b-f0a9-416d-8b80-ec56196ce574, startActivity {appPackage='com.androidsample.generalstore', appActivity='com.androidsample.generalstore.MainActivity', appWaitPackage=, appWaitActivity=, dontStopAppOnReset=false, intentAction=, intentCategory=, intentFlags=, optionalIntentArguments=}]
Capabilities {appium:app: C:\Users\Khadhar\eclipse-wo..., appium:appPackage: com.androidsample.generalstore, appium:automationName: UIAutomator2, appium:chromedriverExecutable: C://Users//Khadhar//Downloa..., appium:databaseEnabled: false, appium:desired: {app: C:\Users\Khadhar\eclipse-wo..., automationName: UIAutomator2, chromedriverExecutable: C://Users//Khadhar//Downloa..., deviceName: OnePlus ONEPLUS A5000, platformName: android}, appium:deviceApiLevel: 29, appium:deviceManufacturer: OnePlus, appium:deviceModel: ONEPLUS A5000, appium:deviceName: b043aa38, appium:deviceScreenDensity: 380, appium:deviceScreenSize: 1080x1920, appium:deviceUDID: b043aa38, appium:javascriptEnabled: true, appium:locationContextEnabled: false, appium:networkConnectionEnabled: true, appium:pixelRatio: 2.375, appium:platformVersion: 10, appium:statBarHeight: 57, appium:takesScreenshot: true, appium:viewportRect: {height: 1863, left: 0, top: 57, width: 1080}, appium:warnings: {}, appium:webStorageEnabled: false, platformName: ANDROID}
Session ID: 3ae7df2b-f0a9-416d-8b80-ec56196ce574
	at java.base/jdk.internal.reflect.NativeConstructorAccessorImpl.newInstance0(Native Method)
	at java.base/jdk.internal.reflect.NativeConstructorAccessorImpl.newInstance(NativeConstructorAccessorImpl.java:62)
	at java.base/jdk.internal.reflect.DelegatingConstructorAccessorImpl.newInstance(DelegatingConstructorAccessorImpl.java:45)
	at java.base/java.lang.reflect.Constructor.newInstance(Constructor.java:490)
	at org.openqa.selenium.remote.codec.w3c.W3CHttpResponseCodec.createException(W3CHttpResponseCodec.java:200)
	at org.openqa.selenium.remote.codec.w3c.W3CHttpResponseCodec.decode(W3CHttpResponseCodec.java:133)
	at org.openqa.selenium.remote.codec.w3c.W3CHttpResponseCodec.decode(W3CHttpResponseCodec.java:53)
	at org.openqa.selenium.remote.HttpCommandExecutor.execute(HttpCommandExecutor.java:184)
	at io.appium.java_client.remote.AppiumCommandExecutor.execute(AppiumCommandExecutor.java:262)
	at org.openqa.selenium.remote.RemoteWebDriver.execute(RemoteWebDriver.java:535)
	at org.openqa.selenium.remote.RemoteWebDriver.execute(RemoteWebDriver.java:590)
	at io.appium.java_client.AppiumDriver.execute(AppiumDriver.java:267)
	at io.appium.java_client.CommandExecutionHelper.execute(CommandExecutionHelper.java:27)
	at io.appium.java_client.android.StartsActivity.startActivity(StartsActivity.java:45)
	at com.frameworkdesign.pageobjects.android.FormPage.setActivity(FormPage.java:54)
	at androidFrameworkDesign.eCommerce_tc_4.preSetup(eCommerce_tc_4.java:48)
	at java.base/jdk.internal.reflect.NativeMethodAccessorImpl.invoke0(Native Method)
	at java.base/jdk.internal.reflect.NativeMethodAccessorImpl.invoke(NativeMethodAccessorImpl.java:62)
	at java.base/jdk.internal.reflect.DelegatingMethodAccessorImpl.invoke(DelegatingMethodAccessorImpl.java:43)
	at java.base/java.lang.reflect.Method.invoke(Method.java:566)
	at org.testng.internal.invokers.MethodInvocationHelper.invokeMethod(MethodInvocationHelper.java:139)
	at org.testng.internal.invokers.MethodInvocationHelper.invokeMethodConsideringTimeout(MethodInvocationHelper.java:69)
	at org.testng.internal.invokers.ConfigInvoker.invokeConfigurationMethod(ConfigInvoker.java:361)
	at org.testng.internal.invokers.ConfigInvoker.invokeConfigurations(ConfigInvoker.java:296)
	at org.testng.internal.invokers.TestInvoker.runConfigMethods(TestInvoker.java:823)
	at org.testng.internal.invokers.TestInvoker.invokeMethod(TestInvoker.java:590)
	at org.testng.internal.invokers.TestInvoker.invokeTestMethod(TestInvoker.java:221)
	at org.testng.internal.invokers.MethodRunner.runInSequence(MethodRunner.java:50)
	at org.testng.internal.invokers.TestInvoker$MethodInvocationAgent.invoke(TestInvoker.java:969)
	at org.testng.internal.invokers.TestInvoker.invokeTestMethods(TestInvoker.java:194)
	at org.testng.internal.invokers.TestMethodWorker.invokeTestMethods(TestMethodWorker.java:148)
	at org.testng.internal.invokers.TestMethodWorker.run(TestMethodWorker.java:128)
	at java.base/java.util.ArrayList.forEach(ArrayList.java:1541)
	at org.testng.TestRunner.privateRun(TestRunner.java:829)
	at org.testng.TestRunner.run(TestRunner.java:602)
	at org.testng.SuiteRunner.runTest(SuiteRunner.java:437)
	at org.testng.SuiteRunner.runSequentially(SuiteRunner.java:431)
	at org.testng.SuiteRunner.privateRun(SuiteRunner.java:391)
	at org.testng.SuiteRunner.run(SuiteRunner.java:330)
	at org.testng.SuiteRunnerWorker.runSuite(SuiteRunnerWorker.java:52)
	at org.testng.SuiteRunnerWorker.run(SuiteRunnerWorker.java:95)
	at org.testng.TestNG.runSuitesSequentially(TestNG.java:1256)
	at org.testng.TestNG.runSuitesLocally(TestNG.java:1176)
	at org.testng.TestNG.runSuites(TestNG.java:1099)
	at org.testng.TestNG.run(TestNG.java:1067)
	at org.apache.maven.surefire.testng.TestNGExecutor.run(TestNGExecutor.java:324)
	at org.apache.maven.surefire.testng.TestNGXmlTestSuite.execute(TestNGXmlTestSuite.java:74)
	at org.apache.maven.surefire.testng.TestNGProvider.invoke(TestNGProvider.java:123)
	at org.apache.maven.surefire.booter.ForkedBooter.runSuitesInProcess(ForkedBooter.java:456)
	at org.apache.maven.surefire.booter.ForkedBooter.execute(ForkedBooter.java:169)
	at org.apache.maven.surefire.booter.ForkedBooter.run(ForkedBooter.java:595)
	at org.apache.maven.surefire.booter.ForkedBooter.main(ForkedBooter.java:581)
]]></failure>
    <system-out><![CDATA[C:\Users\Khadhar\AppData\Roaming\npm\node_modules\appium\lib\main.js:3
import {init as logsinkInit} from './logsink'; // this import needs to come first since it sets up global npmlog
^^^^^^

SyntaxError: Cannot use import statement outside a module
    at Object.compileFunction (node:vm:352:18)
    at wrapSafe (node:internal/modules/cjs/loader:1032:15)
    at Module._compile (node:internal/modules/cjs/loader:1067:27)
    at Object.Module._extensions..js (node:internal/modules/cjs/loader:1155:10)
    at Module.load (node:internal/modules/cjs/loader:981:32)
    at Function.Module._load (node:internal/modules/cjs/loader:822:12)
    at Function.executeUserEntryPoint [as runMain] (node:internal/modules/run_main:77:12)
    at node:internal/main/run_main_module:17:47
]]></system-out>
    <system-err><![CDATA[SLF4J: No SLF4J providers were found.
SLF4J: Defaulting to no-operation (NOP) logger implementation
SLF4J: See https://www.slf4j.org/codes.html#noProviders for further details.
SLF4J: Class path contains SLF4J bindings targeting slf4j-api versions 1.7.x or earlier.
SLF4J: Ignoring binding found at [jar:file:/C:/Users/Khadhar/.m2/repository/org/slf4j/slf4j-simple/1.7.21/slf4j-simple-1.7.21.jar!/org/slf4j/impl/StaticLoggerBinder.class]
SLF4J: See https://www.slf4j.org/codes.html#ignoredBindings for an explanation.
]]></system-err>
  </testcase>
  <testcase name="preSetup" classname="androidFrameworkDesign.eCommerce_tc_4" time="0.525">
    <failure message="An unknown server-side error occurred while processing the command. Original error: Cannot start the &apos;&apos;com.androidsample.generalstore&apos;&apos; application. Consider checking the driver&apos;s troubleshooting documentation. Original error: Error executing adbExec. Original error: &apos;Command &apos;C:\\Users\\Khadhar\\AppData\\Local\\Android\\Sdk\\platform-tools\\adb.exe -P 5037 -s b043aa38 shell am start -W -n &quot;&apos;com.androidsample.generalstore&apos;/&apos;com.androidsample.generalstore.MainActivity&apos;&quot; -S&apos; exited with code 255&apos;; Command output: Security exception: Permission Denial: starting Intent { flg=0x10000000 cmp=com.androidsample.generalstore/.MainActivity } from null (pid=7711, uid=2000) not exported from uid 10120&#10;&#10;java.lang.SecurityException: Permission Denial: starting Intent { flg=0x10000000 cmp=com.androidsample.generalstore/.MainActivity } from null (pid=7711, uid=2000) not exported from uid 10120&#10;	at com.android.server.wm.ActivityStackSupervisor.checkStartAnyActivityPermission(ActivityStackSupervisor.java:1110)&#10;	at com.android.server.wm.ActivityStarter.startActivity(ActivityStarter.java:919)&#10;	at com.android.server.wm.ActivityStarter.startActivity(ActivityStarter.java:628)&#10;	at com.android.server.wm.ActivityStarter.startActivityMayWait(ActivityStarter.java:1495)&#10;	at com.android.server.wm.ActivityStarter.execute(ActivityStarter.java:553)&#10;	at com.android.server.wm.ActivityTaskManagerService.startActivityAndWait(ActivityTaskManagerService.java:1294)&#10;	at com.android.server.am.ActivityManagerService.startActivityAndWait(ActivityManagerService.java:3880)&#10;	at com.android.server.am.ActivityManagerShellCommand.runStartActivity(ActivityManagerShellCommand.java:518)&#10;	at com.android.server.am.ActivityManagerShellCommand.onCommand(ActivityManagerShellCommand.java:177)&#10;	at android.os.ShellCommand.exec(ShellCommand.java:104)&#10;	at com.android.server.am.ActivityManagerService.onShellCommand(ActivityManagerService.java:10843)&#10;	at android.os.Binder.shellCommand(Binder.java:892)&#10;	at android.os.Binder.onTransact(Binder.java:776)&#10;	at android.app.IActivityManager$Stub.onTransact(IActivityManager.java:4575)&#10;	at com.android.server.am.ActivityManagerService.onTransact(ActivityManagerService.java:3017)&#10;	at android.os.Binder.execTransactInternal(Binder.java:1032)&#10;	at android.os.Binder.execTransact(Binder.java:1005)&#10;&#10;Build info: version: &apos;4.7.2&apos;, revision: &apos;4d4020c3b7&apos;&#10;System info: os.name: &apos;Windows 10&apos;, os.arch: &apos;amd64&apos;, os.version: &apos;10.0&apos;, java.version: &apos;11.0.17&apos;&#10;Driver info: io.appium.java_client.android.AndroidDriver&#10;Command: [3ae7df2b-f0a9-416d-8b80-ec56196ce574, startActivity {appPackage=&apos;com.androidsample.generalstore&apos;, appActivity=&apos;com.androidsample.generalstore.MainActivity&apos;, appWaitPackage=, appWaitActivity=, dontStopAppOnReset=false, intentAction=, intentCategory=, intentFlags=, optionalIntentArguments=}]&#10;Capabilities {appium:app: C:\Users\Khadhar\eclipse-wo..., appium:appPackage: com.androidsample.generalstore, appium:automationName: UIAutomator2, appium:chromedriverExecutable: C://Users//Khadhar//Downloa..., appium:databaseEnabled: false, appium:desired: {app: C:\Users\Khadhar\eclipse-wo..., automationName: UIAutomator2, chromedriverExecutable: C://Users//Khadhar//Downloa..., deviceName: OnePlus ONEPLUS A5000, platformName: android}, appium:deviceApiLevel: 29, appium:deviceManufacturer: OnePlus, appium:deviceModel: ONEPLUS A5000, appium:deviceName: b043aa38, appium:deviceScreenDensity: 380, appium:deviceScreenSize: 1080x1920, appium:deviceUDID: b043aa38, appium:javascriptEnabled: true, appium:locationContextEnabled: false, appium:networkConnectionEnabled: true, appium:pixelRatio: 2.375, appium:platformVersion: 10, appium:statBarHeight: 57, appium:takesScreenshot: true, appium:viewportRect: {height: 1863, left: 0, top: 57, width: 1080}, appium:warnings: {}, appium:webStorageEnabled: false, platformName: ANDROID}&#10;Session ID: 3ae7df2b-f0a9-416d-8b80-ec56196ce574" type="org.openqa.selenium.WebDriverException"><![CDATA[org.openqa.selenium.WebDriverException: 
An unknown server-side error occurred while processing the command. Original error: Cannot start the ''com.androidsample.generalstore'' application. Consider checking the driver's troubleshooting documentation. Original error: Error executing adbExec. Original error: 'Command 'C:\\Users\\Khadhar\\AppData\\Local\\Android\\Sdk\\platform-tools\\adb.exe -P 5037 -s b043aa38 shell am start -W -n "'com.androidsample.generalstore'/'com.androidsample.generalstore.MainActivity'" -S' exited with code 255'; Command output: Security exception: Permission Denial: starting Intent { flg=0x10000000 cmp=com.androidsample.generalstore/.MainActivity } from null (pid=7711, uid=2000) not exported from uid 10120

java.lang.SecurityException: Permission Denial: starting Intent { flg=0x10000000 cmp=com.androidsample.generalstore/.MainActivity } from null (pid=7711, uid=2000) not exported from uid 10120
	at com.android.server.wm.ActivityStackSupervisor.checkStartAnyActivityPermission(ActivityStackSupervisor.java:1110)
	at com.android.server.wm.ActivityStarter.startActivity(ActivityStarter.java:919)
	at com.android.server.wm.ActivityStarter.startActivity(ActivityStarter.java:628)
	at com.android.server.wm.ActivityStarter.startActivityMayWait(ActivityStarter.java:1495)
	at com.android.server.wm.ActivityStarter.execute(ActivityStarter.java:553)
	at com.android.server.wm.ActivityTaskManagerService.startActivityAndWait(ActivityTaskManagerService.java:1294)
	at com.android.server.am.ActivityManagerService.startActivityAndWait(ActivityManagerService.java:3880)
	at com.android.server.am.ActivityManagerShellCommand.runStartActivity(ActivityManagerShellCommand.java:518)
	at com.android.server.am.ActivityManagerShellCommand.onCommand(ActivityManagerShellCommand.java:177)
	at android.os.ShellCommand.exec(ShellCommand.java:104)
	at com.android.server.am.ActivityManagerService.onShellCommand(ActivityManagerService.java:10843)
	at android.os.Binder.shellCommand(Binder.java:892)
	at android.os.Binder.onTransact(Binder.java:776)
	at android.app.IActivityManager$Stub.onTransact(IActivityManager.java:4575)
	at com.android.server.am.ActivityManagerService.onTransact(ActivityManagerService.java:3017)
	at android.os.Binder.execTransactInternal(Binder.java:1032)
	at android.os.Binder.execTransact(Binder.java:1005)

Build info: version: '4.7.2', revision: '4d4020c3b7'
System info: os.name: 'Windows 10', os.arch: 'amd64', os.version: '10.0', java.version: '11.0.17'
Driver info: io.appium.java_client.android.AndroidDriver
Command: [3ae7df2b-f0a9-416d-8b80-ec56196ce574, startActivity {appPackage='com.androidsample.generalstore', appActivity='com.androidsample.generalstore.MainActivity', appWaitPackage=, appWaitActivity=, dontStopAppOnReset=false, intentAction=, intentCategory=, intentFlags=, optionalIntentArguments=}]
Capabilities {appium:app: C:\Users\Khadhar\eclipse-wo..., appium:appPackage: com.androidsample.generalstore, appium:automationName: UIAutomator2, appium:chromedriverExecutable: C://Users//Khadhar//Downloa..., appium:databaseEnabled: false, appium:desired: {app: C:\Users\Khadhar\eclipse-wo..., automationName: UIAutomator2, chromedriverExecutable: C://Users//Khadhar//Downloa..., deviceName: OnePlus ONEPLUS A5000, platformName: android}, appium:deviceApiLevel: 29, appium:deviceManufacturer: OnePlus, appium:deviceModel: ONEPLUS A5000, appium:deviceName: b043aa38, appium:deviceScreenDensity: 380, appium:deviceScreenSize: 1080x1920, appium:deviceUDID: b043aa38, appium:javascriptEnabled: true, appium:locationContextEnabled: false, appium:networkConnectionEnabled: true, appium:pixelRatio: 2.375, appium:platformVersion: 10, appium:statBarHeight: 57, appium:takesScreenshot: true, appium:viewportRect: {height: 1863, left: 0, top: 57, width: 1080}, appium:warnings: {}, appium:webStorageEnabled: false, platformName: ANDROID}
Session ID: 3ae7df2b-f0a9-416d-8b80-ec56196ce574
	at java.base/jdk.internal.reflect.NativeConstructorAccessorImpl.newInstance0(Native Method)
	at java.base/jdk.internal.reflect.NativeConstructorAccessorImpl.newInstance(NativeConstructorAccessorImpl.java:62)
	at java.base/jdk.internal.reflect.DelegatingConstructorAccessorImpl.newInstance(DelegatingConstructorAccessorImpl.java:45)
	at java.base/java.lang.reflect.Constructor.newInstance(Constructor.java:490)
	at org.openqa.selenium.remote.codec.w3c.W3CHttpResponseCodec.createException(W3CHttpResponseCodec.java:200)
	at org.openqa.selenium.remote.codec.w3c.W3CHttpResponseCodec.decode(W3CHttpResponseCodec.java:133)
	at org.openqa.selenium.remote.codec.w3c.W3CHttpResponseCodec.decode(W3CHttpResponseCodec.java:53)
	at org.openqa.selenium.remote.HttpCommandExecutor.execute(HttpCommandExecutor.java:184)
	at io.appium.java_client.remote.AppiumCommandExecutor.execute(AppiumCommandExecutor.java:262)
	at org.openqa.selenium.remote.RemoteWebDriver.execute(RemoteWebDriver.java:535)
	at org.openqa.selenium.remote.RemoteWebDriver.execute(RemoteWebDriver.java:590)
	at io.appium.java_client.AppiumDriver.execute(AppiumDriver.java:267)
	at io.appium.java_client.CommandExecutionHelper.execute(CommandExecutionHelper.java:27)
	at io.appium.java_client.android.StartsActivity.startActivity(StartsActivity.java:45)
	at com.frameworkdesign.pageobjects.android.FormPage.setActivity(FormPage.java:54)
	at androidFrameworkDesign.eCommerce_tc_4.preSetup(eCommerce_tc_4.java:48)
	at java.base/jdk.internal.reflect.NativeMethodAccessorImpl.invoke0(Native Method)
	at java.base/jdk.internal.reflect.NativeMethodAccessorImpl.invoke(NativeMethodAccessorImpl.java:62)
	at java.base/jdk.internal.reflect.DelegatingMethodAccessorImpl.invoke(DelegatingMethodAccessorImpl.java:43)
	at java.base/java.lang.reflect.Method.invoke(Method.java:566)
	at org.testng.internal.invokers.MethodInvocationHelper.invokeMethod(MethodInvocationHelper.java:139)
	at org.testng.internal.invokers.MethodInvocationHelper.invokeMethodConsideringTimeout(MethodInvocationHelper.java:69)
	at org.testng.internal.invokers.ConfigInvoker.invokeConfigurationMethod(ConfigInvoker.java:361)
	at org.testng.internal.invokers.ConfigInvoker.invokeConfigurations(ConfigInvoker.java:296)
	at org.testng.internal.invokers.TestInvoker.runConfigMethods(TestInvoker.java:823)
	at org.testng.internal.invokers.TestInvoker.invokeMethod(TestInvoker.java:590)
	at org.testng.internal.invokers.TestInvoker.invokeTestMethod(TestInvoker.java:221)
	at org.testng.internal.invokers.MethodRunner.runInSequence(MethodRunner.java:50)
	at org.testng.internal.invokers.TestInvoker$MethodInvocationAgent.invoke(TestInvoker.java:969)
	at org.testng.internal.invokers.TestInvoker.invokeTestMethods(TestInvoker.java:194)
	at org.testng.internal.invokers.TestMethodWorker.invokeTestMethods(TestMethodWorker.java:148)
	at org.testng.internal.invokers.TestMethodWorker.run(TestMethodWorker.java:128)
	at java.base/java.util.ArrayList.forEach(ArrayList.java:1541)
	at org.testng.TestRunner.privateRun(TestRunner.java:829)
	at org.testng.TestRunner.run(TestRunner.java:602)
	at org.testng.SuiteRunner.runTest(SuiteRunner.java:437)
	at org.testng.SuiteRunner.runSequentially(SuiteRunner.java:431)
	at org.testng.SuiteRunner.privateRun(SuiteRunner.java:391)
	at org.testng.SuiteRunner.run(SuiteRunner.java:330)
	at org.testng.SuiteRunnerWorker.runSuite(SuiteRunnerWorker.java:52)
	at org.testng.SuiteRunnerWorker.run(SuiteRunnerWorker.java:95)
	at org.testng.TestNG.runSuitesSequentially(TestNG.java:1256)
	at org.testng.TestNG.runSuitesLocally(TestNG.java:1176)
	at org.testng.TestNG.runSuites(TestNG.java:1099)
	at org.testng.TestNG.run(TestNG.java:1067)
	at org.apache.maven.surefire.testng.TestNGExecutor.run(TestNGExecutor.java:324)
	at org.apache.maven.surefire.testng.TestNGXmlTestSuite.execute(TestNGXmlTestSuite.java:74)
	at org.apache.maven.surefire.testng.TestNGProvider.invoke(TestNGProvider.java:123)
	at org.apache.maven.surefire.booter.ForkedBooter.runSuitesInProcess(ForkedBooter.java:456)
	at org.apache.maven.surefire.booter.ForkedBooter.execute(ForkedBooter.java:169)
	at org.apache.maven.surefire.booter.ForkedBooter.run(ForkedBooter.java:595)
	at org.apache.maven.surefire.booter.ForkedBooter.main(ForkedBooter.java:581)
]]></failure>
  </testcase>
  <testcase name="AddMultipleProductsToCartAndVerifyBrowserNavigation[{name=Nasir Ahmed, country=India, gender=male}](1)" classname="androidFrameworkDesign.eCommerce_tc_4" time="0">
    <skipped message="An unknown server-side error occurred while processing the command. Original error: Cannot start the &apos;&apos;com.androidsample.generalstore&apos;&apos; application. Consider checking the driver&apos;s troubleshooting documentation. Original error: Error executing adbExec. Original error: &apos;Command &apos;C:\\Users\\Khadhar\\AppData\\Local\\Android\\Sdk\\platform-tools\\adb.exe -P 5037 -s b043aa38 shell am start -W -n &quot;&apos;com.androidsample.generalstore&apos;/&apos;com.androidsample.generalstore.MainActivity&apos;&quot; -S&apos; exited with code 255&apos;; Command output: Security exception: Permission Denial: starting Intent { flg=0x10000000 cmp=com.androidsample.generalstore/.MainActivity } from null (pid=7696, uid=2000) not exported from uid 10120&#10;&#10;java.lang.SecurityException: Permission Denial: starting Intent { flg=0x10000000 cmp=com.androidsample.generalstore/.MainActivity } from null (pid=7696, uid=2000) not exported from uid 10120&#10;	at com.android.server.wm.ActivityStackSupervisor.checkStartAnyActivityPermission(ActivityStackSupervisor.java:1110)&#10;	at com.android.server.wm.ActivityStarter.startActivity(ActivityStarter.java:919)&#10;	at com.android.server.wm.ActivityStarter.startActivity(ActivityStarter.java:628)&#10;	at com.android.server.wm.ActivityStarter.startActivityMayWait(ActivityStarter.java:1495)&#10;	at com.android.server.wm.ActivityStarter.execute(ActivityStarter.java:553)&#10;	at com.android.server.wm.ActivityTaskManagerService.startActivityAndWait(ActivityTaskManagerService.java:1294)&#10;	at com.android.server.am.ActivityManagerService.startActivityAndWait(ActivityManagerService.java:3880)&#10;	at com.android.server.am.ActivityManagerShellCommand.runStartActivity(ActivityManagerShellCommand.java:518)&#10;	at com.android.server.am.ActivityManagerShellCommand.onCommand(ActivityManagerShellCommand.java:177)&#10;	at android.os.ShellCommand.exec(ShellCommand.java:104)&#10;	at com.android.server.am.ActivityManagerService.onShellCommand(ActivityManagerService.java:10843)&#10;	at android.os.Binder.shellCommand(Binder.java:892)&#10;	at android.os.Binder.onTransact(Binder.java:776)&#10;	at android.app.IActivityManager$Stub.onTransact(IActivityManager.java:4575)&#10;	at com.android.server.am.ActivityManagerService.onTransact(ActivityManagerService.java:3017)&#10;	at android.os.Binder.execTransactInternal(Binder.java:1032)&#10;	at android.os.Binder.execTransact(Binder.java:1005)&#10;&#10;Build info: version: &apos;4.7.2&apos;, revision: &apos;4d4020c3b7&apos;&#10;System info: os.name: &apos;Windows 10&apos;, os.arch: &apos;amd64&apos;, os.version: &apos;10.0&apos;, java.version: &apos;11.0.17&apos;&#10;Driver info: io.appium.java_client.android.AndroidDriver&#10;Command: [3ae7df2b-f0a9-416d-8b80-ec56196ce574, startActivity {appPackage=&apos;com.androidsample.generalstore&apos;, appActivity=&apos;com.androidsample.generalstore.MainActivity&apos;, appWaitPackage=, appWaitActivity=, dontStopAppOnReset=false, intentAction=, intentCategory=, intentFlags=, optionalIntentArguments=}]&#10;Capabilities {appium:app: C:\Users\Khadhar\eclipse-wo..., appium:appPackage: com.androidsample.generalstore, appium:automationName: UIAutomator2, appium:chromedriverExecutable: C://Users//Khadhar//Downloa..., appium:databaseEnabled: false, appium:desired: {app: C:\Users\Khadhar\eclipse-wo..., automationName: UIAutomator2, chromedriverExecutable: C://Users//Khadhar//Downloa..., deviceName: OnePlus ONEPLUS A5000, platformName: android}, appium:deviceApiLevel: 29, appium:deviceManufacturer: OnePlus, appium:deviceModel: ONEPLUS A5000, appium:deviceName: b043aa38, appium:deviceScreenDensity: 380, appium:deviceScreenSize: 1080x1920, appium:deviceUDID: b043aa38, appium:javascriptEnabled: true, appium:locationContextEnabled: false, appium:networkConnectionEnabled: true, appium:pixelRatio: 2.375, appium:platformVersion: 10, appium:statBarHeight: 57, appium:takesScreenshot: true, appium:viewportRect: {height: 1863, left: 0, top: 57, width: 1080}, appium:warnings: {}, appium:webStorageEnabled: false, platformName: ANDROID}&#10;Session ID: 3ae7df2b-f0a9-416d-8b80-ec56196ce574"/>
  </testcase>
  <testcase name="AddMultipleProductsToCartAndVerifyBrowserNavigation[{name=Khadar, country=Congo, gender=female}](2)" classname="androidFrameworkDesign.eCommerce_tc_4" time="0">
    <skipped message="An unknown server-side error occurred while processing the command. Original error: Cannot start the &apos;&apos;com.androidsample.generalstore&apos;&apos; application. Consider checking the driver&apos;s troubleshooting documentation. Original error: Error executing adbExec. Original error: &apos;Command &apos;C:\\Users\\Khadhar\\AppData\\Local\\Android\\Sdk\\platform-tools\\adb.exe -P 5037 -s b043aa38 shell am start -W -n &quot;&apos;com.androidsample.generalstore&apos;/&apos;com.androidsample.generalstore.MainActivity&apos;&quot; -S&apos; exited with code 255&apos;; Command output: Security exception: Permission Denial: starting Intent { flg=0x10000000 cmp=com.androidsample.generalstore/.MainActivity } from null (pid=7696, uid=2000) not exported from uid 10120&#10;&#10;java.lang.SecurityException: Permission Denial: starting Intent { flg=0x10000000 cmp=com.androidsample.generalstore/.MainActivity } from null (pid=7696, uid=2000) not exported from uid 10120&#10;	at com.android.server.wm.ActivityStackSupervisor.checkStartAnyActivityPermission(ActivityStackSupervisor.java:1110)&#10;	at com.android.server.wm.ActivityStarter.startActivity(ActivityStarter.java:919)&#10;	at com.android.server.wm.ActivityStarter.startActivity(ActivityStarter.java:628)&#10;	at com.android.server.wm.ActivityStarter.startActivityMayWait(ActivityStarter.java:1495)&#10;	at com.android.server.wm.ActivityStarter.execute(ActivityStarter.java:553)&#10;	at com.android.server.wm.ActivityTaskManagerService.startActivityAndWait(ActivityTaskManagerService.java:1294)&#10;	at com.android.server.am.ActivityManagerService.startActivityAndWait(ActivityManagerService.java:3880)&#10;	at com.android.server.am.ActivityManagerShellCommand.runStartActivity(ActivityManagerShellCommand.java:518)&#10;	at com.android.server.am.ActivityManagerShellCommand.onCommand(ActivityManagerShellCommand.java:177)&#10;	at android.os.ShellCommand.exec(ShellCommand.java:104)&#10;	at com.android.server.am.ActivityManagerService.onShellCommand(ActivityManagerService.java:10843)&#10;	at android.os.Binder.shellCommand(Binder.java:892)&#10;	at android.os.Binder.onTransact(Binder.java:776)&#10;	at android.app.IActivityManager$Stub.onTransact(IActivityManager.java:4575)&#10;	at com.android.server.am.ActivityManagerService.onTransact(ActivityManagerService.java:3017)&#10;	at android.os.Binder.execTransactInternal(Binder.java:1032)&#10;	at android.os.Binder.execTransact(Binder.java:1005)&#10;&#10;Build info: version: &apos;4.7.2&apos;, revision: &apos;4d4020c3b7&apos;&#10;System info: os.name: &apos;Windows 10&apos;, os.arch: &apos;amd64&apos;, os.version: &apos;10.0&apos;, java.version: &apos;11.0.17&apos;&#10;Driver info: io.appium.java_client.android.AndroidDriver&#10;Command: [3ae7df2b-f0a9-416d-8b80-ec56196ce574, startActivity {appPackage=&apos;com.androidsample.generalstore&apos;, appActivity=&apos;com.androidsample.generalstore.MainActivity&apos;, appWaitPackage=, appWaitActivity=, dontStopAppOnReset=false, intentAction=, intentCategory=, intentFlags=, optionalIntentArguments=}]&#10;Capabilities {appium:app: C:\Users\Khadhar\eclipse-wo..., appium:appPackage: com.androidsample.generalstore, appium:automationName: UIAutomator2, appium:chromedriverExecutable: C://Users//Khadhar//Downloa..., appium:databaseEnabled: false, appium:desired: {app: C:\Users\Khadhar\eclipse-wo..., automationName: UIAutomator2, chromedriverExecutable: C://Users//Khadhar//Downloa..., deviceName: OnePlus ONEPLUS A5000, platformName: android}, appium:deviceApiLevel: 29, appium:deviceManufacturer: OnePlus, appium:deviceModel: ONEPLUS A5000, appium:deviceName: b043aa38, appium:deviceScreenDensity: 380, appium:deviceScreenSize: 1080x1920, appium:deviceUDID: b043aa38, appium:javascriptEnabled: true, appium:locationContextEnabled: false, appium:networkConnectionEnabled: true, appium:pixelRatio: 2.375, appium:platformVersion: 10, appium:statBarHeight: 57, appium:takesScreenshot: true, appium:viewportRect: {height: 1863, left: 0, top: 57, width: 1080}, appium:warnings: {}, appium:webStorageEnabled: false, platformName: ANDROID}&#10;Session ID: 3ae7df2b-f0a9-416d-8b80-ec56196ce574"/>
  </testcase>
  <testcase name="tearDown" classname="androidFrameworkDesign.eCommerce_tc_4" time="0">
    <skipped/>
  </testcase>
  <testcase name="preSetup" classname="androidFrameworkDesign.eCommerce_tc_01" time="11.441">
    <failure message="An unknown server-side error occurred while processing the command. Original error: Cannot start the &apos;&apos;com.androidsample.generalstore&apos;&apos; application. Consider checking the driver&apos;s troubleshooting documentation. Original error: Error executing adbExec. Original error: &apos;Command &apos;C:\\Users\\Khadhar\\AppData\\Local\\Android\\Sdk\\platform-tools\\adb.exe -P 5037 -s b043aa38 shell am start -W -n &quot;&apos;com.androidsample.generalstore&apos;/&apos;com.androidsample.generalstore.MainActivity&apos;&quot; -S&apos; exited with code 255&apos;; Command output: Security exception: Permission Denial: starting Intent { flg=0x10000000 cmp=com.androidsample.generalstore/.MainActivity } from null (pid=7974, uid=2000) not exported from uid 10120&#10;&#10;java.lang.SecurityException: Permission Denial: starting Intent { flg=0x10000000 cmp=com.androidsample.generalstore/.MainActivity } from null (pid=7974, uid=2000) not exported from uid 10120&#10;	at com.android.server.wm.ActivityStackSupervisor.checkStartAnyActivityPermission(ActivityStackSupervisor.java:1110)&#10;	at com.android.server.wm.ActivityStarter.startActivity(ActivityStarter.java:919)&#10;	at com.android.server.wm.ActivityStarter.startActivity(ActivityStarter.java:628)&#10;	at com.android.server.wm.ActivityStarter.startActivityMayWait(ActivityStarter.java:1495)&#10;	at com.android.server.wm.ActivityStarter.execute(ActivityStarter.java:553)&#10;	at com.android.server.wm.ActivityTaskManagerService.startActivityAndWait(ActivityTaskManagerService.java:1294)&#10;	at com.android.server.am.ActivityManagerService.startActivityAndWait(ActivityManagerService.java:3880)&#10;	at com.android.server.am.ActivityManagerShellCommand.runStartActivity(ActivityManagerShellCommand.java:518)&#10;	at com.android.server.am.ActivityManagerShellCommand.onCommand(ActivityManagerShellCommand.java:177)&#10;	at android.os.ShellCommand.exec(ShellCommand.java:104)&#10;	at com.android.server.am.ActivityManagerService.onShellCommand(ActivityManagerService.java:10843)&#10;	at android.os.Binder.shellCommand(Binder.java:892)&#10;	at android.os.Binder.onTransact(Binder.java:776)&#10;	at android.app.IActivityManager$Stub.onTransact(IActivityManager.java:4575)&#10;	at com.android.server.am.ActivityManagerService.onTransact(ActivityManagerService.java:3017)&#10;	at android.os.Binder.execTransactInternal(Binder.java:1032)&#10;	at android.os.Binder.execTransact(Binder.java:1005)&#10;&#10;Build info: version: &apos;4.7.2&apos;, revision: &apos;4d4020c3b7&apos;&#10;System info: os.name: &apos;Windows 10&apos;, os.arch: &apos;amd64&apos;, os.version: &apos;10.0&apos;, java.version: &apos;11.0.17&apos;&#10;Driver info: io.appium.java_client.android.AndroidDriver&#10;Command: [e647305a-ddb0-4a2a-8315-d70a17ba5f94, startActivity {appPackage=&apos;com.androidsample.generalstore&apos;, appActivity=&apos;com.androidsample.generalstore.MainActivity&apos;, appWaitPackage=, appWaitActivity=, dontStopAppOnReset=false, intentAction=, intentCategory=, intentFlags=, optionalIntentArguments=}]&#10;Capabilities {appium:app: C:\Users\Khadhar\eclipse-wo..., appium:appPackage: com.androidsample.generalstore, appium:automationName: UIAutomator2, appium:chromedriverExecutable: C://Users//Khadhar//Downloa..., appium:databaseEnabled: false, appium:desired: {app: C:\Users\Khadhar\eclipse-wo..., automationName: UIAutomator2, chromedriverExecutable: C://Users//Khadhar//Downloa..., deviceName: OnePlus ONEPLUS A5000, platformName: android}, appium:deviceApiLevel: 29, appium:deviceManufacturer: OnePlus, appium:deviceModel: ONEPLUS A5000, appium:deviceName: b043aa38, appium:deviceScreenDensity: 380, appium:deviceScreenSize: 1080x1920, appium:deviceUDID: b043aa38, appium:javascriptEnabled: true, appium:locationContextEnabled: false, appium:networkConnectionEnabled: true, appium:pixelRatio: 2.375, appium:platformVersion: 10, appium:statBarHeight: 57, appium:takesScreenshot: true, appium:viewportRect: {height: 1863, left: 0, top: 57, width: 1080}, appium:warnings: {}, appium:webStorageEnabled: false, platformName: ANDROID}&#10;Session ID: e647305a-ddb0-4a2a-8315-d70a17ba5f94" type="org.openqa.selenium.WebDriverException"><![CDATA[org.openqa.selenium.WebDriverException: 
An unknown server-side error occurred while processing the command. Original error: Cannot start the ''com.androidsample.generalstore'' application. Consider checking the driver's troubleshooting documentation. Original error: Error executing adbExec. Original error: 'Command 'C:\\Users\\Khadhar\\AppData\\Local\\Android\\Sdk\\platform-tools\\adb.exe -P 5037 -s b043aa38 shell am start -W -n "'com.androidsample.generalstore'/'com.androidsample.generalstore.MainActivity'" -S' exited with code 255'; Command output: Security exception: Permission Denial: starting Intent { flg=0x10000000 cmp=com.androidsample.generalstore/.MainActivity } from null (pid=7974, uid=2000) not exported from uid 10120

java.lang.SecurityException: Permission Denial: starting Intent { flg=0x10000000 cmp=com.androidsample.generalstore/.MainActivity } from null (pid=7974, uid=2000) not exported from uid 10120
	at com.android.server.wm.ActivityStackSupervisor.checkStartAnyActivityPermission(ActivityStackSupervisor.java:1110)
	at com.android.server.wm.ActivityStarter.startActivity(ActivityStarter.java:919)
	at com.android.server.wm.ActivityStarter.startActivity(ActivityStarter.java:628)
	at com.android.server.wm.ActivityStarter.startActivityMayWait(ActivityStarter.java:1495)
	at com.android.server.wm.ActivityStarter.execute(ActivityStarter.java:553)
	at com.android.server.wm.ActivityTaskManagerService.startActivityAndWait(ActivityTaskManagerService.java:1294)
	at com.android.server.am.ActivityManagerService.startActivityAndWait(ActivityManagerService.java:3880)
	at com.android.server.am.ActivityManagerShellCommand.runStartActivity(ActivityManagerShellCommand.java:518)
	at com.android.server.am.ActivityManagerShellCommand.onCommand(ActivityManagerShellCommand.java:177)
	at android.os.ShellCommand.exec(ShellCommand.java:104)
	at com.android.server.am.ActivityManagerService.onShellCommand(ActivityManagerService.java:10843)
	at android.os.Binder.shellCommand(Binder.java:892)
	at android.os.Binder.onTransact(Binder.java:776)
	at android.app.IActivityManager$Stub.onTransact(IActivityManager.java:4575)
	at com.android.server.am.ActivityManagerService.onTransact(ActivityManagerService.java:3017)
	at android.os.Binder.execTransactInternal(Binder.java:1032)
	at android.os.Binder.execTransact(Binder.java:1005)

Build info: version: '4.7.2', revision: '4d4020c3b7'
System info: os.name: 'Windows 10', os.arch: 'amd64', os.version: '10.0', java.version: '11.0.17'
Driver info: io.appium.java_client.android.AndroidDriver
Command: [e647305a-ddb0-4a2a-8315-d70a17ba5f94, startActivity {appPackage='com.androidsample.generalstore', appActivity='com.androidsample.generalstore.MainActivity', appWaitPackage=, appWaitActivity=, dontStopAppOnReset=false, intentAction=, intentCategory=, intentFlags=, optionalIntentArguments=}]
Capabilities {appium:app: C:\Users\Khadhar\eclipse-wo..., appium:appPackage: com.androidsample.generalstore, appium:automationName: UIAutomator2, appium:chromedriverExecutable: C://Users//Khadhar//Downloa..., appium:databaseEnabled: false, appium:desired: {app: C:\Users\Khadhar\eclipse-wo..., automationName: UIAutomator2, chromedriverExecutable: C://Users//Khadhar//Downloa..., deviceName: OnePlus ONEPLUS A5000, platformName: android}, appium:deviceApiLevel: 29, appium:deviceManufacturer: OnePlus, appium:deviceModel: ONEPLUS A5000, appium:deviceName: b043aa38, appium:deviceScreenDensity: 380, appium:deviceScreenSize: 1080x1920, appium:deviceUDID: b043aa38, appium:javascriptEnabled: true, appium:locationContextEnabled: false, appium:networkConnectionEnabled: true, appium:pixelRatio: 2.375, appium:platformVersion: 10, appium:statBarHeight: 57, appium:takesScreenshot: true, appium:viewportRect: {height: 1863, left: 0, top: 57, width: 1080}, appium:warnings: {}, appium:webStorageEnabled: false, platformName: ANDROID}
Session ID: e647305a-ddb0-4a2a-8315-d70a17ba5f94
	at java.base/jdk.internal.reflect.NativeConstructorAccessorImpl.newInstance0(Native Method)
	at java.base/jdk.internal.reflect.NativeConstructorAccessorImpl.newInstance(NativeConstructorAccessorImpl.java:62)
	at java.base/jdk.internal.reflect.DelegatingConstructorAccessorImpl.newInstance(DelegatingConstructorAccessorImpl.java:45)
	at java.base/java.lang.reflect.Constructor.newInstance(Constructor.java:490)
	at org.openqa.selenium.remote.codec.w3c.W3CHttpResponseCodec.createException(W3CHttpResponseCodec.java:200)
	at org.openqa.selenium.remote.codec.w3c.W3CHttpResponseCodec.decode(W3CHttpResponseCodec.java:133)
	at org.openqa.selenium.remote.codec.w3c.W3CHttpResponseCodec.decode(W3CHttpResponseCodec.java:53)
	at org.openqa.selenium.remote.HttpCommandExecutor.execute(HttpCommandExecutor.java:184)
	at io.appium.java_client.remote.AppiumCommandExecutor.execute(AppiumCommandExecutor.java:262)
	at org.openqa.selenium.remote.RemoteWebDriver.execute(RemoteWebDriver.java:535)
	at org.openqa.selenium.remote.RemoteWebDriver.execute(RemoteWebDriver.java:590)
	at io.appium.java_client.AppiumDriver.execute(AppiumDriver.java:267)
	at io.appium.java_client.CommandExecutionHelper.execute(CommandExecutionHelper.java:27)
	at io.appium.java_client.android.StartsActivity.startActivity(StartsActivity.java:45)
	at com.frameworkdesign.pageobjects.android.FormPage.setActivity(FormPage.java:54)
	at androidFrameworkDesign.eCommerce_tc_01.preSetup(eCommerce_tc_01.java:16)
	at java.base/jdk.internal.reflect.NativeMethodAccessorImpl.invoke0(Native Method)
	at java.base/jdk.internal.reflect.NativeMethodAccessorImpl.invoke(NativeMethodAccessorImpl.java:62)
	at java.base/jdk.internal.reflect.DelegatingMethodAccessorImpl.invoke(DelegatingMethodAccessorImpl.java:43)
	at java.base/java.lang.reflect.Method.invoke(Method.java:566)
	at org.testng.internal.invokers.MethodInvocationHelper.invokeMethod(MethodInvocationHelper.java:139)
	at org.testng.internal.invokers.MethodInvocationHelper.invokeMethodConsideringTimeout(MethodInvocationHelper.java:69)
	at org.testng.internal.invokers.ConfigInvoker.invokeConfigurationMethod(ConfigInvoker.java:361)
	at org.testng.internal.invokers.ConfigInvoker.invokeConfigurations(ConfigInvoker.java:296)
	at org.testng.internal.invokers.TestInvoker.runConfigMethods(TestInvoker.java:823)
	at org.testng.internal.invokers.TestInvoker.invokeMethod(TestInvoker.java:590)
	at org.testng.internal.invokers.TestInvoker.invokeTestMethod(TestInvoker.java:221)
	at org.testng.internal.invokers.MethodRunner.runInSequence(MethodRunner.java:50)
	at org.testng.internal.invokers.TestInvoker$MethodInvocationAgent.invoke(TestInvoker.java:969)
	at org.testng.internal.invokers.TestInvoker.invokeTestMethods(TestInvoker.java:194)
	at org.testng.internal.invokers.TestMethodWorker.invokeTestMethods(TestMethodWorker.java:148)
	at org.testng.internal.invokers.TestMethodWorker.run(TestMethodWorker.java:128)
	at java.base/java.util.ArrayList.forEach(ArrayList.java:1541)
	at org.testng.TestRunner.privateRun(TestRunner.java:829)
	at org.testng.TestRunner.run(TestRunner.java:602)
	at org.testng.SuiteRunner.runTest(SuiteRunner.java:437)
	at org.testng.SuiteRunner.runSequentially(SuiteRunner.java:431)
	at org.testng.SuiteRunner.privateRun(SuiteRunner.java:391)
	at org.testng.SuiteRunner.run(SuiteRunner.java:330)
	at org.testng.SuiteRunnerWorker.runSuite(SuiteRunnerWorker.java:52)
	at org.testng.SuiteRunnerWorker.run(SuiteRunnerWorker.java:95)
	at org.testng.TestNG.runSuitesSequentially(TestNG.java:1256)
	at org.testng.TestNG.runSuitesLocally(TestNG.java:1176)
	at org.testng.TestNG.runSuites(TestNG.java:1099)
	at org.testng.TestNG.run(TestNG.java:1067)
	at org.apache.maven.surefire.testng.TestNGExecutor.run(TestNGExecutor.java:324)
	at org.apache.maven.surefire.testng.TestNGXmlTestSuite.execute(TestNGXmlTestSuite.java:74)
	at org.apache.maven.surefire.testng.TestNGProvider.invoke(TestNGProvider.java:123)
	at org.apache.maven.surefire.booter.ForkedBooter.runSuitesInProcess(ForkedBooter.java:456)
	at org.apache.maven.surefire.booter.ForkedBooter.execute(ForkedBooter.java:169)
	at org.apache.maven.surefire.booter.ForkedBooter.run(ForkedBooter.java:595)
	at org.apache.maven.surefire.booter.ForkedBooter.main(ForkedBooter.java:581)
]]></failure>
    <system-out><![CDATA[C:\Users\Khadhar\AppData\Roaming\npm\node_modules\appium\lib\main.js:3
import {init as logsinkInit} from './logsink'; // this import needs to come first since it sets up global npmlog
^^^^^^

SyntaxError: Cannot use import statement outside a module
    at Object.compileFunction (node:vm:352:18)
    at wrapSafe (node:internal/modules/cjs/loader:1032:15)
    at Module._compile (node:internal/modules/cjs/loader:1067:27)
    at Object.Module._extensions..js (node:internal/modules/cjs/loader:1155:10)
    at Module.load (node:internal/modules/cjs/loader:981:32)
    at Function.Module._load (node:internal/modules/cjs/loader:822:12)
    at Function.executeUserEntryPoint [as runMain] (node:internal/modules/run_main:77:12)
    at node:internal/main/run_main_module:17:47
]]></system-out>
  </testcase>
  <testcase name="preSetup" classname="androidFrameworkDesign.eCommerce_tc_01" time="0">
    <skipped/>
  </testcase>
  <testcase name="FillForm_ErrorValidationTest" classname="androidFrameworkDesign.eCommerce_tc_01" time="0">
    <skipped message="An unknown server-side error occurred while processing the command. Original error: Cannot start the &apos;&apos;com.androidsample.generalstore&apos;&apos; application. Consider checking the driver&apos;s troubleshooting documentation. Original error: Error executing adbExec. Original error: &apos;Command &apos;C:\\Users\\Khadhar\\AppData\\Local\\Android\\Sdk\\platform-tools\\adb.exe -P 5037 -s b043aa38 shell am start -W -n &quot;&apos;com.androidsample.generalstore&apos;/&apos;com.androidsample.generalstore.MainActivity&apos;&quot; -S&apos; exited with code 255&apos;; Command output: Security exception: Permission Denial: starting Intent { flg=0x10000000 cmp=com.androidsample.generalstore/.MainActivity } from null (pid=7974, uid=2000) not exported from uid 10120&#10;&#10;java.lang.SecurityException: Permission Denial: starting Intent { flg=0x10000000 cmp=com.androidsample.generalstore/.MainActivity } from null (pid=7974, uid=2000) not exported from uid 10120&#10;	at com.android.server.wm.ActivityStackSupervisor.checkStartAnyActivityPermission(ActivityStackSupervisor.java:1110)&#10;	at com.android.server.wm.ActivityStarter.startActivity(ActivityStarter.java:919)&#10;	at com.android.server.wm.ActivityStarter.startActivity(ActivityStarter.java:628)&#10;	at com.android.server.wm.ActivityStarter.startActivityMayWait(ActivityStarter.java:1495)&#10;	at com.android.server.wm.ActivityStarter.execute(ActivityStarter.java:553)&#10;	at com.android.server.wm.ActivityTaskManagerService.startActivityAndWait(ActivityTaskManagerService.java:1294)&#10;	at com.android.server.am.ActivityManagerService.startActivityAndWait(ActivityManagerService.java:3880)&#10;	at com.android.server.am.ActivityManagerShellCommand.runStartActivity(ActivityManagerShellCommand.java:518)&#10;	at com.android.server.am.ActivityManagerShellCommand.onCommand(ActivityManagerShellCommand.java:177)&#10;	at android.os.ShellCommand.exec(ShellCommand.java:104)&#10;	at com.android.server.am.ActivityManagerService.onShellCommand(ActivityManagerService.java:10843)&#10;	at android.os.Binder.shellCommand(Binder.java:892)&#10;	at android.os.Binder.onTransact(Binder.java:776)&#10;	at android.app.IActivityManager$Stub.onTransact(IActivityManager.java:4575)&#10;	at com.android.server.am.ActivityManagerService.onTransact(ActivityManagerService.java:3017)&#10;	at android.os.Binder.execTransactInternal(Binder.java:1032)&#10;	at android.os.Binder.execTransact(Binder.java:1005)&#10;&#10;Build info: version: &apos;4.7.2&apos;, revision: &apos;4d4020c3b7&apos;&#10;System info: os.name: &apos;Windows 10&apos;, os.arch: &apos;amd64&apos;, os.version: &apos;10.0&apos;, java.version: &apos;11.0.17&apos;&#10;Driver info: io.appium.java_client.android.AndroidDriver&#10;Command: [e647305a-ddb0-4a2a-8315-d70a17ba5f94, startActivity {appPackage=&apos;com.androidsample.generalstore&apos;, appActivity=&apos;com.androidsample.generalstore.MainActivity&apos;, appWaitPackage=, appWaitActivity=, dontStopAppOnReset=false, intentAction=, intentCategory=, intentFlags=, optionalIntentArguments=}]&#10;Capabilities {appium:app: C:\Users\Khadhar\eclipse-wo..., appium:appPackage: com.androidsample.generalstore, appium:automationName: UIAutomator2, appium:chromedriverExecutable: C://Users//Khadhar//Downloa..., appium:databaseEnabled: false, appium:desired: {app: C:\Users\Khadhar\eclipse-wo..., automationName: UIAutomator2, chromedriverExecutable: C://Users//Khadhar//Downloa..., deviceName: OnePlus ONEPLUS A5000, platformName: android}, appium:deviceApiLevel: 29, appium:deviceManufacturer: OnePlus, appium:deviceModel: ONEPLUS A5000, appium:deviceName: b043aa38, appium:deviceScreenDensity: 380, appium:deviceScreenSize: 1080x1920, appium:deviceUDID: b043aa38, appium:javascriptEnabled: true, appium:locationContextEnabled: false, appium:networkConnectionEnabled: true, appium:pixelRatio: 2.375, appium:platformVersion: 10, appium:statBarHeight: 57, appium:takesScreenshot: true, appium:viewportRect: {height: 1863, left: 0, top: 57, width: 1080}, appium:warnings: {}, appium:webStorageEnabled: false, platformName: ANDROID}&#10;Session ID: e647305a-ddb0-4a2a-8315-d70a17ba5f94"/>
  </testcase>
  <testcase name="FillForm_PositiveFlowTest" classname="androidFrameworkDesign.eCommerce_tc_01" time="0">
    <skipped message="An unknown server-side error occurred while processing the command. Original error: Cannot start the &apos;&apos;com.androidsample.generalstore&apos;&apos; application. Consider checking the driver&apos;s troubleshooting documentation. Original error: Error executing adbExec. Original error: &apos;Command &apos;C:\\Users\\Khadhar\\AppData\\Local\\Android\\Sdk\\platform-tools\\adb.exe -P 5037 -s b043aa38 shell am start -W -n &quot;&apos;com.androidsample.generalstore&apos;/&apos;com.androidsample.generalstore.MainActivity&apos;&quot; -S&apos; exited with code 255&apos;; Command output: Security exception: Permission Denial: starting Intent { flg=0x10000000 cmp=com.androidsample.generalstore/.MainActivity } from null (pid=7974, uid=2000) not exported from uid 10120&#10;&#10;java.lang.SecurityException: Permission Denial: starting Intent { flg=0x10000000 cmp=com.androidsample.generalstore/.MainActivity } from null (pid=7974, uid=2000) not exported from uid 10120&#10;	at com.android.server.wm.ActivityStackSupervisor.checkStartAnyActivityPermission(ActivityStackSupervisor.java:1110)&#10;	at com.android.server.wm.ActivityStarter.startActivity(ActivityStarter.java:919)&#10;	at com.android.server.wm.ActivityStarter.startActivity(ActivityStarter.java:628)&#10;	at com.android.server.wm.ActivityStarter.startActivityMayWait(ActivityStarter.java:1495)&#10;	at com.android.server.wm.ActivityStarter.execute(ActivityStarter.java:553)&#10;	at com.android.server.wm.ActivityTaskManagerService.startActivityAndWait(ActivityTaskManagerService.java:1294)&#10;	at com.android.server.am.ActivityManagerService.startActivityAndWait(ActivityManagerService.java:3880)&#10;	at com.android.server.am.ActivityManagerShellCommand.runStartActivity(ActivityManagerShellCommand.java:518)&#10;	at com.android.server.am.ActivityManagerShellCommand.onCommand(ActivityManagerShellCommand.java:177)&#10;	at android.os.ShellCommand.exec(ShellCommand.java:104)&#10;	at com.android.server.am.ActivityManagerService.onShellCommand(ActivityManagerService.java:10843)&#10;	at android.os.Binder.shellCommand(Binder.java:892)&#10;	at android.os.Binder.onTransact(Binder.java:776)&#10;	at android.app.IActivityManager$Stub.onTransact(IActivityManager.java:4575)&#10;	at com.android.server.am.ActivityManagerService.onTransact(ActivityManagerService.java:3017)&#10;	at android.os.Binder.execTransactInternal(Binder.java:1032)&#10;	at android.os.Binder.execTransact(Binder.java:1005)&#10;&#10;Build info: version: &apos;4.7.2&apos;, revision: &apos;4d4020c3b7&apos;&#10;System info: os.name: &apos;Windows 10&apos;, os.arch: &apos;amd64&apos;, os.version: &apos;10.0&apos;, java.version: &apos;11.0.17&apos;&#10;Driver info: io.appium.java_client.android.AndroidDriver&#10;Command: [e647305a-ddb0-4a2a-8315-d70a17ba5f94, startActivity {appPackage=&apos;com.androidsample.generalstore&apos;, appActivity=&apos;com.androidsample.generalstore.MainActivity&apos;, appWaitPackage=, appWaitActivity=, dontStopAppOnReset=false, intentAction=, intentCategory=, intentFlags=, optionalIntentArguments=}]&#10;Capabilities {appium:app: C:\Users\Khadhar\eclipse-wo..., appium:appPackage: com.androidsample.generalstore, appium:automationName: UIAutomator2, appium:chromedriverExecutable: C://Users//Khadhar//Downloa..., appium:databaseEnabled: false, appium:desired: {app: C:\Users\Khadhar\eclipse-wo..., automationName: UIAutomator2, chromedriverExecutable: C://Users//Khadhar//Downloa..., deviceName: OnePlus ONEPLUS A5000, platformName: android}, appium:deviceApiLevel: 29, appium:deviceManufacturer: OnePlus, appium:deviceModel: ONEPLUS A5000, appium:deviceName: b043aa38, appium:deviceScreenDensity: 380, appium:deviceScreenSize: 1080x1920, appium:deviceUDID: b043aa38, appium:javascriptEnabled: true, appium:locationContextEnabled: false, appium:networkConnectionEnabled: true, appium:pixelRatio: 2.375, appium:platformVersion: 10, appium:statBarHeight: 57, appium:takesScreenshot: true, appium:viewportRect: {height: 1863, left: 0, top: 57, width: 1080}, appium:warnings: {}, appium:webStorageEnabled: false, platformName: ANDROID}&#10;Session ID: e647305a-ddb0-4a2a-8315-d70a17ba5f94"/>
  </testcase>
  <testcase name="tearDown" classname="androidFrameworkDesign.eCommerce_tc_01" time="0">
    <skipped/>
  </testcase>
</testsuite>