<?xml version="1.0" encoding="UTF-8"?>
<testng-results ignored="0" total="4" passed="0" failed="0" skipped="4">
  <reporter-output>
  </reporter-output>
  <suite started-at="2023-02-09T12:35:49 IST" name="Suite" finished-at="2023-02-09T12:36:31 IST" duration-ms="41879">
    <groups>
      <group name="Smoke">
        <method signature="eCommerce_tc_4.AddMultipleProductsToCartAndVerifyBrowserNavigation(java.util.HashMap)[pri:0, instance:androidFrameworkDesign.eCommerce_tc_4@4426bff1]" name="AddMultipleProductsToCartAndVerifyBrowserNavigation" class="androidFrameworkDesign.eCommerce_tc_4"/>
      </group> <!-- Smoke -->
    </groups>
    <test started-at="2023-02-09T12:35:49 IST" name="End End to Framework Test" finished-at="2023-02-09T12:36:19 IST" duration-ms="30436">
      <class name="androidFrameworkDesign.eCommerce_tc_4">
        <test-method is-config="true" signature="ConfigureAppium()[pri:0, instance:androidFrameworkDesign.eCommerce_tc_4@4426bff1]" started-at="2023-02-09T12:35:49 IST" name="ConfigureAppium" finished-at="2023-02-09T12:36:18 IST" duration-ms="28553" status="PASS">
          <reporter-output>
          </reporter-output>
        </test-method> <!-- ConfigureAppium -->
        <test-method is-config="true" signature="preSetup()[pri:0, instance:androidFrameworkDesign.eCommerce_tc_4@4426bff1]" started-at="2023-02-09T12:36:18 IST" name="preSetup" finished-at="2023-02-09T12:36:19 IST" duration-ms="637" status="FAIL">
          <exception class="org.openqa.selenium.WebDriverException">
            <message>
              <![CDATA[An unknown server-side error occurred while processing the command. Original error: Cannot start the ''com.androidsample.generalstore'' application. Consider checking the driver's troubleshooting documentation. Original error: Error executing adbExec. Original error: 'Command 'C:\\Users\\Khadhar\\AppData\\Local\\Android\\Sdk\\platform-tools\\adb.exe -P 5037 -s b043aa38 shell am start -W -n "'com.androidsample.generalstore'/'com.androidsample.generalstore.MainActivity'" -S' exited with code 255'; Command output: Security exception: Permission Denial: starting Intent { flg=0x10000000 cmp=com.androidsample.generalstore/.MainActivity } from null (pid=7696, uid=2000) not exported from uid 10120

java.lang.SecurityException: Permission Denial: starting Intent { flg=0x10000000 cmp=com.androidsample.generalstore/.MainActivity } from null (pid=7696, uid=2000) not exported from uid 10120
at com.android.server.wm.ActivityStackSupervisor.checkStartAnyActivityPermission(ActivityStackSupervisor.java:1110)
at com.android.server.wm.ActivityStarter.startActivity(ActivityStarter.java:919)
at com.android.server.wm.ActivityStarter.startActivity(ActivityStarter.java:628)
at com.android.server.wm.ActivityStarter.startActivityMayWait(ActivityStarter.java:1495)
at com.android.server.wm.ActivityStarter.execute(ActivityStarter.java:553)
at com.android.server.wm.ActivityTaskManagerService.startActivityAndWait(ActivityTaskManagerService.java:1294)
at com.android.server.am.ActivityManagerService.startActivityAndWait(ActivityManagerService.java:3880)
at com.android.server.am.ActivityManagerShellCommand.runStartActivity(ActivityManagerShellCommand.java:518)
at com.android.server.am.ActivityManagerShellCommand.onCommand(ActivityManagerShellCommand.java:177)
at android.os.ShellCommand.exec(ShellCommand.java:104)
at com.android.server.am.ActivityManagerService.onShellCommand(ActivityManagerService.java:10843)
at android.os.Binder.shellCommand(Binder.java:892)
at android.os.Binder.onTransact(Binder.java:776)
at android.app.IActivityManager$Stub.onTransact(IActivityManager.java:4575)
at com.android.server.am.ActivityManagerService.onTransact(ActivityManagerService.java:3017)
at android.os.Binder.execTransactInternal(Binder.java:1032)
at android.os.Binder.execTransact(Binder.java:1005)

Build info: version: '4.7.2', revision: '4d4020c3b7'
System info: os.name: 'Windows 10', os.arch: 'amd64', os.version: '10.0', java.version: '11.0.17'
Driver info: io.appium.java_client.android.AndroidDriver
Command: [3ae7df2b-f0a9-416d-8b80-ec56196ce574, startActivity {appPackage='com.androidsample.generalstore', appActivity='com.androidsample.generalstore.MainActivity', appWaitPackage=, appWaitActivity=, dontStopAppOnReset=false, intentAction=, intentCategory=, intentFlags=, optionalIntentArguments=}]
Capabilities {appium:app: C:\Users\Khadhar\eclipse-wo..., appium:appPackage: com.androidsample.generalstore, appium:automationName: UIAutomator2, appium:chromedriverExecutable: C://Users//Khadhar//Downloa..., appium:databaseEnabled: false, appium:desired: {app: C:\Users\Khadhar\eclipse-wo..., automationName: UIAutomator2, chromedriverExecutable: C://Users//Khadhar//Downloa..., deviceName: OnePlus ONEPLUS A5000, platformName: android}, appium:deviceApiLevel: 29, appium:deviceManufacturer: OnePlus, appium:deviceModel: ONEPLUS A5000, appium:deviceName: b043aa38, appium:deviceScreenDensity: 380, appium:deviceScreenSize: 1080x1920, appium:deviceUDID: b043aa38, appium:javascriptEnabled: true, appium:locationContextEnabled: false, appium:networkConnectionEnabled: true, appium:pixelRatio: 2.375, appium:platformVersion: 10, appium:statBarHeight: 57, appium:takesScreenshot: true, appium:viewportRect: {height: 1863, left: 0, top: 57, width: 1080}, appium:warnings: {}, appium:webStorageEnabled: false, platformName: ANDROID}
Session ID: 3ae7df2b-f0a9-416d-8b80-ec56196ce574]]>
            </message>
            <full-stacktrace>
              <![CDATA[org.openqa.selenium.WebDriverException: An unknown server-side error occurred while processing the command. Original error: Cannot start the ''com.androidsample.generalstore'' application. Consider checking the driver's troubleshooting documentation. Original error: Error executing adbExec. Original error: 'Command 'C:\\Users\\Khadhar\\AppData\\Local\\Android\\Sdk\\platform-tools\\adb.exe -P 5037 -s b043aa38 shell am start -W -n "'com.androidsample.generalstore'/'com.androidsample.generalstore.MainActivity'" -S' exited with code 255'; Command output: Security exception: Permission Denial: starting Intent { flg=0x10000000 cmp=com.androidsample.generalstore/.MainActivity } from null (pid=7696, uid=2000) not exported from uid 10120

java.lang.SecurityException: Permission Denial: starting Intent { flg=0x10000000 cmp=com.androidsample.generalstore/.MainActivity } from null (pid=7696, uid=2000) not exported from uid 10120
at com.android.server.wm.ActivityStackSupervisor.checkStartAnyActivityPermission(ActivityStackSupervisor.java:1110)
at com.android.server.wm.ActivityStarter.startActivity(ActivityStarter.java:919)
at com.android.server.wm.ActivityStarter.startActivity(ActivityStarter.java:628)
at com.android.server.wm.ActivityStarter.startActivityMayWait(ActivityStarter.java:1495)
at com.android.server.wm.ActivityStarter.execute(ActivityStarter.java:553)
at com.android.server.wm.ActivityTaskManagerService.startActivityAndWait(ActivityTaskManagerService.java:1294)
at com.android.server.am.ActivityManagerService.startActivityAndWait(ActivityManagerService.java:3880)
at com.android.server.am.ActivityManagerShellCommand.runStartActivity(ActivityManagerShellCommand.java:518)
at com.android.server.am.ActivityManagerShellCommand.onCommand(ActivityManagerShellCommand.java:177)
at android.os.ShellCommand.exec(ShellCommand.java:104)
at com.android.server.am.ActivityManagerService.onShellCommand(ActivityManagerService.java:10843)
at android.os.Binder.shellCommand(Binder.java:892)
at android.os.Binder.onTransact(Binder.java:776)
at android.app.IActivityManager$Stub.onTransact(IActivityManager.java:4575)
at com.android.server.am.ActivityManagerService.onTransact(ActivityManagerService.java:3017)
at android.os.Binder.execTransactInternal(Binder.java:1032)
at android.os.Binder.execTransact(Binder.java:1005)

Build info: version: '4.7.2', revision: '4d4020c3b7'
System info: os.name: 'Windows 10', os.arch: 'amd64', os.version: '10.0', java.version: '11.0.17'
Driver info: io.appium.java_client.android.AndroidDriver
Command: [3ae7df2b-f0a9-416d-8b80-ec56196ce574, startActivity {appPackage='com.androidsample.generalstore', appActivity='com.androidsample.generalstore.MainActivity', appWaitPackage=, appWaitActivity=, dontStopAppOnReset=false, intentAction=, intentCategory=, intentFlags=, optionalIntentArguments=}]
Capabilities {appium:app: C:\Users\Khadhar\eclipse-wo..., appium:appPackage: com.androidsample.generalstore, appium:automationName: UIAutomator2, appium:chromedriverExecutable: C://Users//Khadhar//Downloa..., appium:databaseEnabled: false, appium:desired: {app: C:\Users\Khadhar\eclipse-wo..., automationName: UIAutomator2, chromedriverExecutable: C://Users//Khadhar//Downloa..., deviceName: OnePlus ONEPLUS A5000, platformName: android}, appium:deviceApiLevel: 29, appium:deviceManufacturer: OnePlus, appium:deviceModel: ONEPLUS A5000, appium:deviceName: b043aa38, appium:deviceScreenDensity: 380, appium:deviceScreenSize: 1080x1920, appium:deviceUDID: b043aa38, appium:javascriptEnabled: true, appium:locationContextEnabled: false, appium:networkConnectionEnabled: true, appium:pixelRatio: 2.375, appium:platformVersion: 10, appium:statBarHeight: 57, appium:takesScreenshot: true, appium:viewportRect: {height: 1863, left: 0, top: 57, width: 1080}, appium:warnings: {}, appium:webStorageEnabled: false, platformName: ANDROID}
Session ID: 3ae7df2b-f0a9-416d-8b80-ec56196ce574
at java.base/jdk.internal.reflect.NativeConstructorAccessorImpl.newInstance0(Native Method)
at java.base/jdk.internal.reflect.NativeConstructorAccessorImpl.newInstance(NativeConstructorAccessorImpl.java:62)
at java.base/jdk.internal.reflect.DelegatingConstructorAccessorImpl.newInstance(DelegatingConstructorAccessorImpl.java:45)
at java.base/java.lang.reflect.Constructor.newInstance(Constructor.java:490)
at org.openqa.selenium.remote.codec.w3c.W3CHttpResponseCodec.createException(W3CHttpResponseCodec.java:200)
at org.openqa.selenium.remote.codec.w3c.W3CHttpResponseCodec.decode(W3CHttpResponseCodec.java:133)
at org.openqa.selenium.remote.codec.w3c.W3CHttpResponseCodec.decode(W3CHttpResponseCodec.java:53)
at org.openqa.selenium.remote.HttpCommandExecutor.execute(HttpCommandExecutor.java:184)
at io.appium.java_client.remote.AppiumCommandExecutor.execute(AppiumCommandExecutor.java:262)
at org.openqa.selenium.remote.RemoteWebDriver.execute(RemoteWebDriver.java:535)
at org.openqa.selenium.remote.RemoteWebDriver.execute(RemoteWebDriver.java:590)
at io.appium.java_client.AppiumDriver.execute(AppiumDriver.java:267)
at io.appium.java_client.CommandExecutionHelper.execute(CommandExecutionHelper.java:27)
at io.appium.java_client.android.StartsActivity.startActivity(StartsActivity.java:45)
at com.frameworkdesign.pageobjects.android.FormPage.setActivity(FormPage.java:54)
at androidFrameworkDesign.eCommerce_tc_4.preSetup(eCommerce_tc_4.java:48)
at java.base/jdk.internal.reflect.NativeMethodAccessorImpl.invoke0(Native Method)
at java.base/jdk.internal.reflect.NativeMethodAccessorImpl.invoke(NativeMethodAccessorImpl.java:62)
at java.base/jdk.internal.reflect.DelegatingMethodAccessorImpl.invoke(DelegatingMethodAccessorImpl.java:43)
at java.base/java.lang.reflect.Method.invoke(Method.java:566)
at org.testng.internal.invokers.MethodInvocationHelper.invokeMethod(MethodInvocationHelper.java:139)
at org.testng.internal.invokers.MethodInvocationHelper.invokeMethodConsideringTimeout(MethodInvocationHelper.java:69)
at org.testng.internal.invokers.ConfigInvoker.invokeConfigurationMethod(ConfigInvoker.java:361)
at org.testng.internal.invokers.ConfigInvoker.invokeConfigurations(ConfigInvoker.java:296)
at org.testng.internal.invokers.TestInvoker.runConfigMethods(TestInvoker.java:823)
at org.testng.internal.invokers.TestInvoker.invokeMethod(TestInvoker.java:590)
at org.testng.internal.invokers.TestInvoker.invokeTestMethod(TestInvoker.java:221)
at org.testng.internal.invokers.MethodRunner.runInSequence(MethodRunner.java:50)
at org.testng.internal.invokers.TestInvoker$MethodInvocationAgent.invoke(TestInvoker.java:969)
at org.testng.internal.invokers.TestInvoker.invokeTestMethods(TestInvoker.java:194)
at org.testng.internal.invokers.TestMethodWorker.invokeTestMethods(TestMethodWorker.java:148)
at org.testng.internal.invokers.TestMethodWorker.run(TestMethodWorker.java:128)
at java.base/java.util.ArrayList.forEach(ArrayList.java:1541)
at org.testng.TestRunner.privateRun(TestRunner.java:829)
at org.testng.TestRunner.run(TestRunner.java:602)
at org.testng.SuiteRunner.runTest(SuiteRunner.java:437)
at org.testng.SuiteRunner.runSequentially(SuiteRunner.java:431)
at org.testng.SuiteRunner.privateRun(SuiteRunner.java:391)
at org.testng.SuiteRunner.run(SuiteRunner.java:330)
at org.testng.SuiteRunnerWorker.runSuite(SuiteRunnerWorker.java:52)
at org.testng.SuiteRunnerWorker.run(SuiteRunnerWorker.java:95)
at org.testng.TestNG.runSuitesSequentially(TestNG.java:1256)
at org.testng.TestNG.runSuitesLocally(TestNG.java:1176)
at org.testng.TestNG.runSuites(TestNG.java:1099)
at org.testng.TestNG.run(TestNG.java:1067)
at org.apache.maven.surefire.testng.TestNGExecutor.run(TestNGExecutor.java:324)
at org.apache.maven.surefire.testng.TestNGXmlTestSuite.execute(TestNGXmlTestSuite.java:74)
at org.apache.maven.surefire.testng.TestNGProvider.invoke(TestNGProvider.java:123)
at org.apache.maven.surefire.booter.ForkedBooter.runSuitesInProcess(ForkedBooter.java:456)
at org.apache.maven.surefire.booter.ForkedBooter.execute(ForkedBooter.java:169)
at org.apache.maven.surefire.booter.ForkedBooter.run(ForkedBooter.java:595)
at org.apache.maven.surefire.booter.ForkedBooter.main(ForkedBooter.java:581)
]]>
            </full-stacktrace>
          </exception> <!-- org.openqa.selenium.WebDriverException -->
          <reporter-output>
          </reporter-output>
        </test-method> <!-- preSetup -->
        <test-method signature="AddMultipleProductsToCartAndVerifyBrowserNavigation(java.util.HashMap)[pri:0, instance:androidFrameworkDesign.eCommerce_tc_4@4426bff1]" started-at="2023-02-09T12:36:19 IST" name="AddMultipleProductsToCartAndVerifyBrowserNavigation" data-provider="getData" finished-at="2023-02-09T12:36:19 IST" duration-ms="0" status="SKIP">
          <params>
            <param index="0">
              <value>
                <![CDATA[{name=Nasir Ahmed, country=India, gender=male}]]>
              </value>
            </param>
          </params>
          <exception class="org.openqa.selenium.WebDriverException">
            <message>
              <![CDATA[An unknown server-side error occurred while processing the command. Original error: Cannot start the ''com.androidsample.generalstore'' application. Consider checking the driver's troubleshooting documentation. Original error: Error executing adbExec. Original error: 'Command 'C:\\Users\\Khadhar\\AppData\\Local\\Android\\Sdk\\platform-tools\\adb.exe -P 5037 -s b043aa38 shell am start -W -n "'com.androidsample.generalstore'/'com.androidsample.generalstore.MainActivity'" -S' exited with code 255'; Command output: Security exception: Permission Denial: starting Intent { flg=0x10000000 cmp=com.androidsample.generalstore/.MainActivity } from null (pid=7696, uid=2000) not exported from uid 10120

java.lang.SecurityException: Permission Denial: starting Intent { flg=0x10000000 cmp=com.androidsample.generalstore/.MainActivity } from null (pid=7696, uid=2000) not exported from uid 10120
at com.android.server.wm.ActivityStackSupervisor.checkStartAnyActivityPermission(ActivityStackSupervisor.java:1110)
at com.android.server.wm.ActivityStarter.startActivity(ActivityStarter.java:919)
at com.android.server.wm.ActivityStarter.startActivity(ActivityStarter.java:628)
at com.android.server.wm.ActivityStarter.startActivityMayWait(ActivityStarter.java:1495)
at com.android.server.wm.ActivityStarter.execute(ActivityStarter.java:553)
at com.android.server.wm.ActivityTaskManagerService.startActivityAndWait(ActivityTaskManagerService.java:1294)
at com.android.server.am.ActivityManagerService.startActivityAndWait(ActivityManagerService.java:3880)
at com.android.server.am.ActivityManagerShellCommand.runStartActivity(ActivityManagerShellCommand.java:518)
at com.android.server.am.ActivityManagerShellCommand.onCommand(ActivityManagerShellCommand.java:177)
at android.os.ShellCommand.exec(ShellCommand.java:104)
at com.android.server.am.ActivityManagerService.onShellCommand(ActivityManagerService.java:10843)
at android.os.Binder.shellCommand(Binder.java:892)
at android.os.Binder.onTransact(Binder.java:776)
at android.app.IActivityManager$Stub.onTransact(IActivityManager.java:4575)
at com.android.server.am.ActivityManagerService.onTransact(ActivityManagerService.java:3017)
at android.os.Binder.execTransactInternal(Binder.java:1032)
at android.os.Binder.execTransact(Binder.java:1005)

Build info: version: '4.7.2', revision: '4d4020c3b7'
System info: os.name: 'Windows 10', os.arch: 'amd64', os.version: '10.0', java.version: '11.0.17'
Driver info: io.appium.java_client.android.AndroidDriver
Command: [3ae7df2b-f0a9-416d-8b80-ec56196ce574, startActivity {appPackage='com.androidsample.generalstore', appActivity='com.androidsample.generalstore.MainActivity', appWaitPackage=, appWaitActivity=, dontStopAppOnReset=false, intentAction=, intentCategory=, intentFlags=, optionalIntentArguments=}]
Capabilities {appium:app: C:\Users\Khadhar\eclipse-wo..., appium:appPackage: com.androidsample.generalstore, appium:automationName: UIAutomator2, appium:chromedriverExecutable: C://Users//Khadhar//Downloa..., appium:databaseEnabled: false, appium:desired: {app: C:\Users\Khadhar\eclipse-wo..., automationName: UIAutomator2, chromedriverExecutable: C://Users//Khadhar//Downloa..., deviceName: OnePlus ONEPLUS A5000, platformName: android}, appium:deviceApiLevel: 29, appium:deviceManufacturer: OnePlus, appium:deviceModel: ONEPLUS A5000, appium:deviceName: b043aa38, appium:deviceScreenDensity: 380, appium:deviceScreenSize: 1080x1920, appium:deviceUDID: b043aa38, appium:javascriptEnabled: true, appium:locationContextEnabled: false, appium:networkConnectionEnabled: true, appium:pixelRatio: 2.375, appium:platformVersion: 10, appium:statBarHeight: 57, appium:takesScreenshot: true, appium:viewportRect: {height: 1863, left: 0, top: 57, width: 1080}, appium:warnings: {}, appium:webStorageEnabled: false, platformName: ANDROID}
Session ID: 3ae7df2b-f0a9-416d-8b80-ec56196ce574]]>
            </message>
            <full-stacktrace>
              <![CDATA[org.openqa.selenium.WebDriverException: An unknown server-side error occurred while processing the command. Original error: Cannot start the ''com.androidsample.generalstore'' application. Consider checking the driver's troubleshooting documentation. Original error: Error executing adbExec. Original error: 'Command 'C:\\Users\\Khadhar\\AppData\\Local\\Android\\Sdk\\platform-tools\\adb.exe -P 5037 -s b043aa38 shell am start -W -n "'com.androidsample.generalstore'/'com.androidsample.generalstore.MainActivity'" -S' exited with code 255'; Command output: Security exception: Permission Denial: starting Intent { flg=0x10000000 cmp=com.androidsample.generalstore/.MainActivity } from null (pid=7696, uid=2000) not exported from uid 10120

java.lang.SecurityException: Permission Denial: starting Intent { flg=0x10000000 cmp=com.androidsample.generalstore/.MainActivity } from null (pid=7696, uid=2000) not exported from uid 10120
at com.android.server.wm.ActivityStackSupervisor.checkStartAnyActivityPermission(ActivityStackSupervisor.java:1110)
at com.android.server.wm.ActivityStarter.startActivity(ActivityStarter.java:919)
at com.android.server.wm.ActivityStarter.startActivity(ActivityStarter.java:628)
at com.android.server.wm.ActivityStarter.startActivityMayWait(ActivityStarter.java:1495)
at com.android.server.wm.ActivityStarter.execute(ActivityStarter.java:553)
at com.android.server.wm.ActivityTaskManagerService.startActivityAndWait(ActivityTaskManagerService.java:1294)
at com.android.server.am.ActivityManagerService.startActivityAndWait(ActivityManagerService.java:3880)
at com.android.server.am.ActivityManagerShellCommand.runStartActivity(ActivityManagerShellCommand.java:518)
at com.android.server.am.ActivityManagerShellCommand.onCommand(ActivityManagerShellCommand.java:177)
at android.os.ShellCommand.exec(ShellCommand.java:104)
at com.android.server.am.ActivityManagerService.onShellCommand(ActivityManagerService.java:10843)
at android.os.Binder.shellCommand(Binder.java:892)
at android.os.Binder.onTransact(Binder.java:776)
at android.app.IActivityManager$Stub.onTransact(IActivityManager.java:4575)
at com.android.server.am.ActivityManagerService.onTransact(ActivityManagerService.java:3017)
at android.os.Binder.execTransactInternal(Binder.java:1032)
at android.os.Binder.execTransact(Binder.java:1005)

Build info: version: '4.7.2', revision: '4d4020c3b7'
System info: os.name: 'Windows 10', os.arch: 'amd64', os.version: '10.0', java.version: '11.0.17'
Driver info: io.appium.java_client.android.AndroidDriver
Command: [3ae7df2b-f0a9-416d-8b80-ec56196ce574, startActivity {appPackage='com.androidsample.generalstore', appActivity='com.androidsample.generalstore.MainActivity', appWaitPackage=, appWaitActivity=, dontStopAppOnReset=false, intentAction=, intentCategory=, intentFlags=, optionalIntentArguments=}]
Capabilities {appium:app: C:\Users\Khadhar\eclipse-wo..., appium:appPackage: com.androidsample.generalstore, appium:automationName: UIAutomator2, appium:chromedriverExecutable: C://Users//Khadhar//Downloa..., appium:databaseEnabled: false, appium:desired: {app: C:\Users\Khadhar\eclipse-wo..., automationName: UIAutomator2, chromedriverExecutable: C://Users//Khadhar//Downloa..., deviceName: OnePlus ONEPLUS A5000, platformName: android}, appium:deviceApiLevel: 29, appium:deviceManufacturer: OnePlus, appium:deviceModel: ONEPLUS A5000, appium:deviceName: b043aa38, appium:deviceScreenDensity: 380, appium:deviceScreenSize: 1080x1920, appium:deviceUDID: b043aa38, appium:javascriptEnabled: true, appium:locationContextEnabled: false, appium:networkConnectionEnabled: true, appium:pixelRatio: 2.375, appium:platformVersion: 10, appium:statBarHeight: 57, appium:takesScreenshot: true, appium:viewportRect: {height: 1863, left: 0, top: 57, width: 1080}, appium:warnings: {}, appium:webStorageEnabled: false, platformName: ANDROID}
Session ID: 3ae7df2b-f0a9-416d-8b80-ec56196ce574
at java.base/jdk.internal.reflect.NativeConstructorAccessorImpl.newInstance0(Native Method)
at java.base/jdk.internal.reflect.NativeConstructorAccessorImpl.newInstance(NativeConstructorAccessorImpl.java:62)
at java.base/jdk.internal.reflect.DelegatingConstructorAccessorImpl.newInstance(DelegatingConstructorAccessorImpl.java:45)
at java.base/java.lang.reflect.Constructor.newInstance(Constructor.java:490)
at org.openqa.selenium.remote.codec.w3c.W3CHttpResponseCodec.createException(W3CHttpResponseCodec.java:200)
at org.openqa.selenium.remote.codec.w3c.W3CHttpResponseCodec.decode(W3CHttpResponseCodec.java:133)
at org.openqa.selenium.remote.codec.w3c.W3CHttpResponseCodec.decode(W3CHttpResponseCodec.java:53)
at org.openqa.selenium.remote.HttpCommandExecutor.execute(HttpCommandExecutor.java:184)
at io.appium.java_client.remote.AppiumCommandExecutor.execute(AppiumCommandExecutor.java:262)
at org.openqa.selenium.remote.RemoteWebDriver.execute(RemoteWebDriver.java:535)
at org.openqa.selenium.remote.RemoteWebDriver.execute(RemoteWebDriver.java:590)
at io.appium.java_client.AppiumDriver.execute(AppiumDriver.java:267)
at io.appium.java_client.CommandExecutionHelper.execute(CommandExecutionHelper.java:27)
at io.appium.java_client.android.StartsActivity.startActivity(StartsActivity.java:45)
at com.frameworkdesign.pageobjects.android.FormPage.setActivity(FormPage.java:54)
at androidFrameworkDesign.eCommerce_tc_4.preSetup(eCommerce_tc_4.java:48)
at java.base/jdk.internal.reflect.NativeMethodAccessorImpl.invoke0(Native Method)
at java.base/jdk.internal.reflect.NativeMethodAccessorImpl.invoke(NativeMethodAccessorImpl.java:62)
at java.base/jdk.internal.reflect.DelegatingMethodAccessorImpl.invoke(DelegatingMethodAccessorImpl.java:43)
at java.base/java.lang.reflect.Method.invoke(Method.java:566)
at org.testng.internal.invokers.MethodInvocationHelper.invokeMethod(MethodInvocationHelper.java:139)
at org.testng.internal.invokers.MethodInvocationHelper.invokeMethodConsideringTimeout(MethodInvocationHelper.java:69)
at org.testng.internal.invokers.ConfigInvoker.invokeConfigurationMethod(ConfigInvoker.java:361)
at org.testng.internal.invokers.ConfigInvoker.invokeConfigurations(ConfigInvoker.java:296)
at org.testng.internal.invokers.TestInvoker.runConfigMethods(TestInvoker.java:823)
at org.testng.internal.invokers.TestInvoker.invokeMethod(TestInvoker.java:590)
at org.testng.internal.invokers.TestInvoker.invokeTestMethod(TestInvoker.java:221)
at org.testng.internal.invokers.MethodRunner.runInSequence(MethodRunner.java:50)
at org.testng.internal.invokers.TestInvoker$MethodInvocationAgent.invoke(TestInvoker.java:969)
at org.testng.internal.invokers.TestInvoker.invokeTestMethods(TestInvoker.java:194)
at org.testng.internal.invokers.TestMethodWorker.invokeTestMethods(TestMethodWorker.java:148)
at org.testng.internal.invokers.TestMethodWorker.run(TestMethodWorker.java:128)
at java.base/java.util.ArrayList.forEach(ArrayList.java:1541)
at org.testng.TestRunner.privateRun(TestRunner.java:829)
at org.testng.TestRunner.run(TestRunner.java:602)
at org.testng.SuiteRunner.runTest(SuiteRunner.java:437)
at org.testng.SuiteRunner.runSequentially(SuiteRunner.java:431)
at org.testng.SuiteRunner.privateRun(SuiteRunner.java:391)
at org.testng.SuiteRunner.run(SuiteRunner.java:330)
at org.testng.SuiteRunnerWorker.runSuite(SuiteRunnerWorker.java:52)
at org.testng.SuiteRunnerWorker.run(SuiteRunnerWorker.java:95)
at org.testng.TestNG.runSuitesSequentially(TestNG.java:1256)
at org.testng.TestNG.runSuitesLocally(TestNG.java:1176)
at org.testng.TestNG.runSuites(TestNG.java:1099)
at org.testng.TestNG.run(TestNG.java:1067)
at org.apache.maven.surefire.testng.TestNGExecutor.run(TestNGExecutor.java:324)
at org.apache.maven.surefire.testng.TestNGXmlTestSuite.execute(TestNGXmlTestSuite.java:74)
at org.apache.maven.surefire.testng.TestNGProvider.invoke(TestNGProvider.java:123)
at org.apache.maven.surefire.booter.ForkedBooter.runSuitesInProcess(ForkedBooter.java:456)
at org.apache.maven.surefire.booter.ForkedBooter.execute(ForkedBooter.java:169)
at org.apache.maven.surefire.booter.ForkedBooter.run(ForkedBooter.java:595)
at org.apache.maven.surefire.booter.ForkedBooter.main(ForkedBooter.java:581)
]]>
            </full-stacktrace>
          </exception> <!-- org.openqa.selenium.WebDriverException -->
          <reporter-output>
          </reporter-output>
        </test-method> <!-- AddMultipleProductsToCartAndVerifyBrowserNavigation -->
        <test-method is-config="true" signature="preSetup()[pri:0, instance:androidFrameworkDesign.eCommerce_tc_4@4426bff1]" started-at="2023-02-09T12:36:19 IST" name="preSetup" finished-at="2023-02-09T12:36:19 IST" duration-ms="481" status="FAIL">
          <exception class="org.openqa.selenium.WebDriverException">
            <message>
              <![CDATA[An unknown server-side error occurred while processing the command. Original error: Cannot start the ''com.androidsample.generalstore'' application. Consider checking the driver's troubleshooting documentation. Original error: Error executing adbExec. Original error: 'Command 'C:\\Users\\Khadhar\\AppData\\Local\\Android\\Sdk\\platform-tools\\adb.exe -P 5037 -s b043aa38 shell am start -W -n "'com.androidsample.generalstore'/'com.androidsample.generalstore.MainActivity'" -S' exited with code 255'; Command output: Security exception: Permission Denial: starting Intent { flg=0x10000000 cmp=com.androidsample.generalstore/.MainActivity } from null (pid=7711, uid=2000) not exported from uid 10120

java.lang.SecurityException: Permission Denial: starting Intent { flg=0x10000000 cmp=com.androidsample.generalstore/.MainActivity } from null (pid=7711, uid=2000) not exported from uid 10120
at com.android.server.wm.ActivityStackSupervisor.checkStartAnyActivityPermission(ActivityStackSupervisor.java:1110)
at com.android.server.wm.ActivityStarter.startActivity(ActivityStarter.java:919)
at com.android.server.wm.ActivityStarter.startActivity(ActivityStarter.java:628)
at com.android.server.wm.ActivityStarter.startActivityMayWait(ActivityStarter.java:1495)
at com.android.server.wm.ActivityStarter.execute(ActivityStarter.java:553)
at com.android.server.wm.ActivityTaskManagerService.startActivityAndWait(ActivityTaskManagerService.java:1294)
at com.android.server.am.ActivityManagerService.startActivityAndWait(ActivityManagerService.java:3880)
at com.android.server.am.ActivityManagerShellCommand.runStartActivity(ActivityManagerShellCommand.java:518)
at com.android.server.am.ActivityManagerShellCommand.onCommand(ActivityManagerShellCommand.java:177)
at android.os.ShellCommand.exec(ShellCommand.java:104)
at com.android.server.am.ActivityManagerService.onShellCommand(ActivityManagerService.java:10843)
at android.os.Binder.shellCommand(Binder.java:892)
at android.os.Binder.onTransact(Binder.java:776)
at android.app.IActivityManager$Stub.onTransact(IActivityManager.java:4575)
at com.android.server.am.ActivityManagerService.onTransact(ActivityManagerService.java:3017)
at android.os.Binder.execTransactInternal(Binder.java:1032)
at android.os.Binder.execTransact(Binder.java:1005)

Build info: version: '4.7.2', revision: '4d4020c3b7'
System info: os.name: 'Windows 10', os.arch: 'amd64', os.version: '10.0', java.version: '11.0.17'
Driver info: io.appium.java_client.android.AndroidDriver
Command: [3ae7df2b-f0a9-416d-8b80-ec56196ce574, startActivity {appPackage='com.androidsample.generalstore', appActivity='com.androidsample.generalstore.MainActivity', appWaitPackage=, appWaitActivity=, dontStopAppOnReset=false, intentAction=, intentCategory=, intentFlags=, optionalIntentArguments=}]
Capabilities {appium:app: C:\Users\Khadhar\eclipse-wo..., appium:appPackage: com.androidsample.generalstore, appium:automationName: UIAutomator2, appium:chromedriverExecutable: C://Users//Khadhar//Downloa..., appium:databaseEnabled: false, appium:desired: {app: C:\Users\Khadhar\eclipse-wo..., automationName: UIAutomator2, chromedriverExecutable: C://Users//Khadhar//Downloa..., deviceName: OnePlus ONEPLUS A5000, platformName: android}, appium:deviceApiLevel: 29, appium:deviceManufacturer: OnePlus, appium:deviceModel: ONEPLUS A5000, appium:deviceName: b043aa38, appium:deviceScreenDensity: 380, appium:deviceScreenSize: 1080x1920, appium:deviceUDID: b043aa38, appium:javascriptEnabled: true, appium:locationContextEnabled: false, appium:networkConnectionEnabled: true, appium:pixelRatio: 2.375, appium:platformVersion: 10, appium:statBarHeight: 57, appium:takesScreenshot: true, appium:viewportRect: {height: 1863, left: 0, top: 57, width: 1080}, appium:warnings: {}, appium:webStorageEnabled: false, platformName: ANDROID}
Session ID: 3ae7df2b-f0a9-416d-8b80-ec56196ce574]]>
            </message>
            <full-stacktrace>
              <![CDATA[org.openqa.selenium.WebDriverException: An unknown server-side error occurred while processing the command. Original error: Cannot start the ''com.androidsample.generalstore'' application. Consider checking the driver's troubleshooting documentation. Original error: Error executing adbExec. Original error: 'Command 'C:\\Users\\Khadhar\\AppData\\Local\\Android\\Sdk\\platform-tools\\adb.exe -P 5037 -s b043aa38 shell am start -W -n "'com.androidsample.generalstore'/'com.androidsample.generalstore.MainActivity'" -S' exited with code 255'; Command output: Security exception: Permission Denial: starting Intent { flg=0x10000000 cmp=com.androidsample.generalstore/.MainActivity } from null (pid=7711, uid=2000) not exported from uid 10120

java.lang.SecurityException: Permission Denial: starting Intent { flg=0x10000000 cmp=com.androidsample.generalstore/.MainActivity } from null (pid=7711, uid=2000) not exported from uid 10120
at com.android.server.wm.ActivityStackSupervisor.checkStartAnyActivityPermission(ActivityStackSupervisor.java:1110)
at com.android.server.wm.ActivityStarter.startActivity(ActivityStarter.java:919)
at com.android.server.wm.ActivityStarter.startActivity(ActivityStarter.java:628)
at com.android.server.wm.ActivityStarter.startActivityMayWait(ActivityStarter.java:1495)
at com.android.server.wm.ActivityStarter.execute(ActivityStarter.java:553)
at com.android.server.wm.ActivityTaskManagerService.startActivityAndWait(ActivityTaskManagerService.java:1294)
at com.android.server.am.ActivityManagerService.startActivityAndWait(ActivityManagerService.java:3880)
at com.android.server.am.ActivityManagerShellCommand.runStartActivity(ActivityManagerShellCommand.java:518)
at com.android.server.am.ActivityManagerShellCommand.onCommand(ActivityManagerShellCommand.java:177)
at android.os.ShellCommand.exec(ShellCommand.java:104)
at com.android.server.am.ActivityManagerService.onShellCommand(ActivityManagerService.java:10843)
at android.os.Binder.shellCommand(Binder.java:892)
at android.os.Binder.onTransact(Binder.java:776)
at android.app.IActivityManager$Stub.onTransact(IActivityManager.java:4575)
at com.android.server.am.ActivityManagerService.onTransact(ActivityManagerService.java:3017)
at android.os.Binder.execTransactInternal(Binder.java:1032)
at android.os.Binder.execTransact(Binder.java:1005)

Build info: version: '4.7.2', revision: '4d4020c3b7'
System info: os.name: 'Windows 10', os.arch: 'amd64', os.version: '10.0', java.version: '11.0.17'
Driver info: io.appium.java_client.android.AndroidDriver
Command: [3ae7df2b-f0a9-416d-8b80-ec56196ce574, startActivity {appPackage='com.androidsample.generalstore', appActivity='com.androidsample.generalstore.MainActivity', appWaitPackage=, appWaitActivity=, dontStopAppOnReset=false, intentAction=, intentCategory=, intentFlags=, optionalIntentArguments=}]
Capabilities {appium:app: C:\Users\Khadhar\eclipse-wo..., appium:appPackage: com.androidsample.generalstore, appium:automationName: UIAutomator2, appium:chromedriverExecutable: C://Users//Khadhar//Downloa..., appium:databaseEnabled: false, appium:desired: {app: C:\Users\Khadhar\eclipse-wo..., automationName: UIAutomator2, chromedriverExecutable: C://Users//Khadhar//Downloa..., deviceName: OnePlus ONEPLUS A5000, platformName: android}, appium:deviceApiLevel: 29, appium:deviceManufacturer: OnePlus, appium:deviceModel: ONEPLUS A5000, appium:deviceName: b043aa38, appium:deviceScreenDensity: 380, appium:deviceScreenSize: 1080x1920, appium:deviceUDID: b043aa38, appium:javascriptEnabled: true, appium:locationContextEnabled: false, appium:networkConnectionEnabled: true, appium:pixelRatio: 2.375, appium:platformVersion: 10, appium:statBarHeight: 57, appium:takesScreenshot: true, appium:viewportRect: {height: 1863, left: 0, top: 57, width: 1080}, appium:warnings: {}, appium:webStorageEnabled: false, platformName: ANDROID}
Session ID: 3ae7df2b-f0a9-416d-8b80-ec56196ce574
at java.base/jdk.internal.reflect.NativeConstructorAccessorImpl.newInstance0(Native Method)
at java.base/jdk.internal.reflect.NativeConstructorAccessorImpl.newInstance(NativeConstructorAccessorImpl.java:62)
at java.base/jdk.internal.reflect.DelegatingConstructorAccessorImpl.newInstance(DelegatingConstructorAccessorImpl.java:45)
at java.base/java.lang.reflect.Constructor.newInstance(Constructor.java:490)
at org.openqa.selenium.remote.codec.w3c.W3CHttpResponseCodec.createException(W3CHttpResponseCodec.java:200)
at org.openqa.selenium.remote.codec.w3c.W3CHttpResponseCodec.decode(W3CHttpResponseCodec.java:133)
at org.openqa.selenium.remote.codec.w3c.W3CHttpResponseCodec.decode(W3CHttpResponseCodec.java:53)
at org.openqa.selenium.remote.HttpCommandExecutor.execute(HttpCommandExecutor.java:184)
at io.appium.java_client.remote.AppiumCommandExecutor.execute(AppiumCommandExecutor.java:262)
at org.openqa.selenium.remote.RemoteWebDriver.execute(RemoteWebDriver.java:535)
at org.openqa.selenium.remote.RemoteWebDriver.execute(RemoteWebDriver.java:590)
at io.appium.java_client.AppiumDriver.execute(AppiumDriver.java:267)
at io.appium.java_client.CommandExecutionHelper.execute(CommandExecutionHelper.java:27)
at io.appium.java_client.android.StartsActivity.startActivity(StartsActivity.java:45)
at com.frameworkdesign.pageobjects.android.FormPage.setActivity(FormPage.java:54)
at androidFrameworkDesign.eCommerce_tc_4.preSetup(eCommerce_tc_4.java:48)
at java.base/jdk.internal.reflect.NativeMethodAccessorImpl.invoke0(Native Method)
at java.base/jdk.internal.reflect.NativeMethodAccessorImpl.invoke(NativeMethodAccessorImpl.java:62)
at java.base/jdk.internal.reflect.DelegatingMethodAccessorImpl.invoke(DelegatingMethodAccessorImpl.java:43)
at java.base/java.lang.reflect.Method.invoke(Method.java:566)
at org.testng.internal.invokers.MethodInvocationHelper.invokeMethod(MethodInvocationHelper.java:139)
at org.testng.internal.invokers.MethodInvocationHelper.invokeMethodConsideringTimeout(MethodInvocationHelper.java:69)
at org.testng.internal.invokers.ConfigInvoker.invokeConfigurationMethod(ConfigInvoker.java:361)
at org.testng.internal.invokers.ConfigInvoker.invokeConfigurations(ConfigInvoker.java:296)
at org.testng.internal.invokers.TestInvoker.runConfigMethods(TestInvoker.java:823)
at org.testng.internal.invokers.TestInvoker.invokeMethod(TestInvoker.java:590)
at org.testng.internal.invokers.TestInvoker.invokeTestMethod(TestInvoker.java:221)
at org.testng.internal.invokers.MethodRunner.runInSequence(MethodRunner.java:50)
at org.testng.internal.invokers.TestInvoker$MethodInvocationAgent.invoke(TestInvoker.java:969)
at org.testng.internal.invokers.TestInvoker.invokeTestMethods(TestInvoker.java:194)
at org.testng.internal.invokers.TestMethodWorker.invokeTestMethods(TestMethodWorker.java:148)
at org.testng.internal.invokers.TestMethodWorker.run(TestMethodWorker.java:128)
at java.base/java.util.ArrayList.forEach(ArrayList.java:1541)
at org.testng.TestRunner.privateRun(TestRunner.java:829)
at org.testng.TestRunner.run(TestRunner.java:602)
at org.testng.SuiteRunner.runTest(SuiteRunner.java:437)
at org.testng.SuiteRunner.runSequentially(SuiteRunner.java:431)
at org.testng.SuiteRunner.privateRun(SuiteRunner.java:391)
at org.testng.SuiteRunner.run(SuiteRunner.java:330)
at org.testng.SuiteRunnerWorker.runSuite(SuiteRunnerWorker.java:52)
at org.testng.SuiteRunnerWorker.run(SuiteRunnerWorker.java:95)
at org.testng.TestNG.runSuitesSequentially(TestNG.java:1256)
at org.testng.TestNG.runSuitesLocally(TestNG.java:1176)
at org.testng.TestNG.runSuites(TestNG.java:1099)
at org.testng.TestNG.run(TestNG.java:1067)
at org.apache.maven.surefire.testng.TestNGExecutor.run(TestNGExecutor.java:324)
at org.apache.maven.surefire.testng.TestNGXmlTestSuite.execute(TestNGXmlTestSuite.java:74)
at org.apache.maven.surefire.testng.TestNGProvider.invoke(TestNGProvider.java:123)
at org.apache.maven.surefire.booter.ForkedBooter.runSuitesInProcess(ForkedBooter.java:456)
at org.apache.maven.surefire.booter.ForkedBooter.execute(ForkedBooter.java:169)
at org.apache.maven.surefire.booter.ForkedBooter.run(ForkedBooter.java:595)
at org.apache.maven.surefire.booter.ForkedBooter.main(ForkedBooter.java:581)
]]>
            </full-stacktrace>
          </exception> <!-- org.openqa.selenium.WebDriverException -->
          <reporter-output>
          </reporter-output>
        </test-method> <!-- preSetup -->
        <test-method signature="AddMultipleProductsToCartAndVerifyBrowserNavigation(java.util.HashMap)[pri:0, instance:androidFrameworkDesign.eCommerce_tc_4@4426bff1]" started-at="2023-02-09T12:36:19 IST" name="AddMultipleProductsToCartAndVerifyBrowserNavigation" data-provider="getData" finished-at="2023-02-09T12:36:19 IST" duration-ms="1" status="SKIP">
          <params>
            <param index="0">
              <value>
                <![CDATA[{name=Khadar, country=Congo, gender=female}]]>
              </value>
            </param>
          </params>
          <exception class="org.openqa.selenium.WebDriverException">
            <message>
              <![CDATA[An unknown server-side error occurred while processing the command. Original error: Cannot start the ''com.androidsample.generalstore'' application. Consider checking the driver's troubleshooting documentation. Original error: Error executing adbExec. Original error: 'Command 'C:\\Users\\Khadhar\\AppData\\Local\\Android\\Sdk\\platform-tools\\adb.exe -P 5037 -s b043aa38 shell am start -W -n "'com.androidsample.generalstore'/'com.androidsample.generalstore.MainActivity'" -S' exited with code 255'; Command output: Security exception: Permission Denial: starting Intent { flg=0x10000000 cmp=com.androidsample.generalstore/.MainActivity } from null (pid=7696, uid=2000) not exported from uid 10120

java.lang.SecurityException: Permission Denial: starting Intent { flg=0x10000000 cmp=com.androidsample.generalstore/.MainActivity } from null (pid=7696, uid=2000) not exported from uid 10120
at com.android.server.wm.ActivityStackSupervisor.checkStartAnyActivityPermission(ActivityStackSupervisor.java:1110)
at com.android.server.wm.ActivityStarter.startActivity(ActivityStarter.java:919)
at com.android.server.wm.ActivityStarter.startActivity(ActivityStarter.java:628)
at com.android.server.wm.ActivityStarter.startActivityMayWait(ActivityStarter.java:1495)
at com.android.server.wm.ActivityStarter.execute(ActivityStarter.java:553)
at com.android.server.wm.ActivityTaskManagerService.startActivityAndWait(ActivityTaskManagerService.java:1294)
at com.android.server.am.ActivityManagerService.startActivityAndWait(ActivityManagerService.java:3880)
at com.android.server.am.ActivityManagerShellCommand.runStartActivity(ActivityManagerShellCommand.java:518)
at com.android.server.am.ActivityManagerShellCommand.onCommand(ActivityManagerShellCommand.java:177)
at android.os.ShellCommand.exec(ShellCommand.java:104)
at com.android.server.am.ActivityManagerService.onShellCommand(ActivityManagerService.java:10843)
at android.os.Binder.shellCommand(Binder.java:892)
at android.os.Binder.onTransact(Binder.java:776)
at android.app.IActivityManager$Stub.onTransact(IActivityManager.java:4575)
at com.android.server.am.ActivityManagerService.onTransact(ActivityManagerService.java:3017)
at android.os.Binder.execTransactInternal(Binder.java:1032)
at android.os.Binder.execTransact(Binder.java:1005)

Build info: version: '4.7.2', revision: '4d4020c3b7'
System info: os.name: 'Windows 10', os.arch: 'amd64', os.version: '10.0', java.version: '11.0.17'
Driver info: io.appium.java_client.android.AndroidDriver
Command: [3ae7df2b-f0a9-416d-8b80-ec56196ce574, startActivity {appPackage='com.androidsample.generalstore', appActivity='com.androidsample.generalstore.MainActivity', appWaitPackage=, appWaitActivity=, dontStopAppOnReset=false, intentAction=, intentCategory=, intentFlags=, optionalIntentArguments=}]
Capabilities {appium:app: C:\Users\Khadhar\eclipse-wo..., appium:appPackage: com.androidsample.generalstore, appium:automationName: UIAutomator2, appium:chromedriverExecutable: C://Users//Khadhar//Downloa..., appium:databaseEnabled: false, appium:desired: {app: C:\Users\Khadhar\eclipse-wo..., automationName: UIAutomator2, chromedriverExecutable: C://Users//Khadhar//Downloa..., deviceName: OnePlus ONEPLUS A5000, platformName: android}, appium:deviceApiLevel: 29, appium:deviceManufacturer: OnePlus, appium:deviceModel: ONEPLUS A5000, appium:deviceName: b043aa38, appium:deviceScreenDensity: 380, appium:deviceScreenSize: 1080x1920, appium:deviceUDID: b043aa38, appium:javascriptEnabled: true, appium:locationContextEnabled: false, appium:networkConnectionEnabled: true, appium:pixelRatio: 2.375, appium:platformVersion: 10, appium:statBarHeight: 57, appium:takesScreenshot: true, appium:viewportRect: {height: 1863, left: 0, top: 57, width: 1080}, appium:warnings: {}, appium:webStorageEnabled: false, platformName: ANDROID}
Session ID: 3ae7df2b-f0a9-416d-8b80-ec56196ce574]]>
            </message>
            <full-stacktrace>
              <![CDATA[org.openqa.selenium.WebDriverException: An unknown server-side error occurred while processing the command. Original error: Cannot start the ''com.androidsample.generalstore'' application. Consider checking the driver's troubleshooting documentation. Original error: Error executing adbExec. Original error: 'Command 'C:\\Users\\Khadhar\\AppData\\Local\\Android\\Sdk\\platform-tools\\adb.exe -P 5037 -s b043aa38 shell am start -W -n "'com.androidsample.generalstore'/'com.androidsample.generalstore.MainActivity'" -S' exited with code 255'; Command output: Security exception: Permission Denial: starting Intent { flg=0x10000000 cmp=com.androidsample.generalstore/.MainActivity } from null (pid=7696, uid=2000) not exported from uid 10120

java.lang.SecurityException: Permission Denial: starting Intent { flg=0x10000000 cmp=com.androidsample.generalstore/.MainActivity } from null (pid=7696, uid=2000) not exported from uid 10120
at com.android.server.wm.ActivityStackSupervisor.checkStartAnyActivityPermission(ActivityStackSupervisor.java:1110)
at com.android.server.wm.ActivityStarter.startActivity(ActivityStarter.java:919)
at com.android.server.wm.ActivityStarter.startActivity(ActivityStarter.java:628)
at com.android.server.wm.ActivityStarter.startActivityMayWait(ActivityStarter.java:1495)
at com.android.server.wm.ActivityStarter.execute(ActivityStarter.java:553)
at com.android.server.wm.ActivityTaskManagerService.startActivityAndWait(ActivityTaskManagerService.java:1294)
at com.android.server.am.ActivityManagerService.startActivityAndWait(ActivityManagerService.java:3880)
at com.android.server.am.ActivityManagerShellCommand.runStartActivity(ActivityManagerShellCommand.java:518)
at com.android.server.am.ActivityManagerShellCommand.onCommand(ActivityManagerShellCommand.java:177)
at android.os.ShellCommand.exec(ShellCommand.java:104)
at com.android.server.am.ActivityManagerService.onShellCommand(ActivityManagerService.java:10843)
at android.os.Binder.shellCommand(Binder.java:892)
at android.os.Binder.onTransact(Binder.java:776)
at android.app.IActivityManager$Stub.onTransact(IActivityManager.java:4575)
at com.android.server.am.ActivityManagerService.onTransact(ActivityManagerService.java:3017)
at android.os.Binder.execTransactInternal(Binder.java:1032)
at android.os.Binder.execTransact(Binder.java:1005)

Build info: version: '4.7.2', revision: '4d4020c3b7'
System info: os.name: 'Windows 10', os.arch: 'amd64', os.version: '10.0', java.version: '11.0.17'
Driver info: io.appium.java_client.android.AndroidDriver
Command: [3ae7df2b-f0a9-416d-8b80-ec56196ce574, startActivity {appPackage='com.androidsample.generalstore', appActivity='com.androidsample.generalstore.MainActivity', appWaitPackage=, appWaitActivity=, dontStopAppOnReset=false, intentAction=, intentCategory=, intentFlags=, optionalIntentArguments=}]
Capabilities {appium:app: C:\Users\Khadhar\eclipse-wo..., appium:appPackage: com.androidsample.generalstore, appium:automationName: UIAutomator2, appium:chromedriverExecutable: C://Users//Khadhar//Downloa..., appium:databaseEnabled: false, appium:desired: {app: C:\Users\Khadhar\eclipse-wo..., automationName: UIAutomator2, chromedriverExecutable: C://Users//Khadhar//Downloa..., deviceName: OnePlus ONEPLUS A5000, platformName: android}, appium:deviceApiLevel: 29, appium:deviceManufacturer: OnePlus, appium:deviceModel: ONEPLUS A5000, appium:deviceName: b043aa38, appium:deviceScreenDensity: 380, appium:deviceScreenSize: 1080x1920, appium:deviceUDID: b043aa38, appium:javascriptEnabled: true, appium:locationContextEnabled: false, appium:networkConnectionEnabled: true, appium:pixelRatio: 2.375, appium:platformVersion: 10, appium:statBarHeight: 57, appium:takesScreenshot: true, appium:viewportRect: {height: 1863, left: 0, top: 57, width: 1080}, appium:warnings: {}, appium:webStorageEnabled: false, platformName: ANDROID}
Session ID: 3ae7df2b-f0a9-416d-8b80-ec56196ce574
at java.base/jdk.internal.reflect.NativeConstructorAccessorImpl.newInstance0(Native Method)
at java.base/jdk.internal.reflect.NativeConstructorAccessorImpl.newInstance(NativeConstructorAccessorImpl.java:62)
at java.base/jdk.internal.reflect.DelegatingConstructorAccessorImpl.newInstance(DelegatingConstructorAccessorImpl.java:45)
at java.base/java.lang.reflect.Constructor.newInstance(Constructor.java:490)
at org.openqa.selenium.remote.codec.w3c.W3CHttpResponseCodec.createException(W3CHttpResponseCodec.java:200)
at org.openqa.selenium.remote.codec.w3c.W3CHttpResponseCodec.decode(W3CHttpResponseCodec.java:133)
at org.openqa.selenium.remote.codec.w3c.W3CHttpResponseCodec.decode(W3CHttpResponseCodec.java:53)
at org.openqa.selenium.remote.HttpCommandExecutor.execute(HttpCommandExecutor.java:184)
at io.appium.java_client.remote.AppiumCommandExecutor.execute(AppiumCommandExecutor.java:262)
at org.openqa.selenium.remote.RemoteWebDriver.execute(RemoteWebDriver.java:535)
at org.openqa.selenium.remote.RemoteWebDriver.execute(RemoteWebDriver.java:590)
at io.appium.java_client.AppiumDriver.execute(AppiumDriver.java:267)
at io.appium.java_client.CommandExecutionHelper.execute(CommandExecutionHelper.java:27)
at io.appium.java_client.android.StartsActivity.startActivity(StartsActivity.java:45)
at com.frameworkdesign.pageobjects.android.FormPage.setActivity(FormPage.java:54)
at androidFrameworkDesign.eCommerce_tc_4.preSetup(eCommerce_tc_4.java:48)
at java.base/jdk.internal.reflect.NativeMethodAccessorImpl.invoke0(Native Method)
at java.base/jdk.internal.reflect.NativeMethodAccessorImpl.invoke(NativeMethodAccessorImpl.java:62)
at java.base/jdk.internal.reflect.DelegatingMethodAccessorImpl.invoke(DelegatingMethodAccessorImpl.java:43)
at java.base/java.lang.reflect.Method.invoke(Method.java:566)
at org.testng.internal.invokers.MethodInvocationHelper.invokeMethod(MethodInvocationHelper.java:139)
at org.testng.internal.invokers.MethodInvocationHelper.invokeMethodConsideringTimeout(MethodInvocationHelper.java:69)
at org.testng.internal.invokers.ConfigInvoker.invokeConfigurationMethod(ConfigInvoker.java:361)
at org.testng.internal.invokers.ConfigInvoker.invokeConfigurations(ConfigInvoker.java:296)
at org.testng.internal.invokers.TestInvoker.runConfigMethods(TestInvoker.java:823)
at org.testng.internal.invokers.TestInvoker.invokeMethod(TestInvoker.java:590)
at org.testng.internal.invokers.TestInvoker.invokeTestMethod(TestInvoker.java:221)
at org.testng.internal.invokers.MethodRunner.runInSequence(MethodRunner.java:50)
at org.testng.internal.invokers.TestInvoker$MethodInvocationAgent.invoke(TestInvoker.java:969)
at org.testng.internal.invokers.TestInvoker.invokeTestMethods(TestInvoker.java:194)
at org.testng.internal.invokers.TestMethodWorker.invokeTestMethods(TestMethodWorker.java:148)
at org.testng.internal.invokers.TestMethodWorker.run(TestMethodWorker.java:128)
at java.base/java.util.ArrayList.forEach(ArrayList.java:1541)
at org.testng.TestRunner.privateRun(TestRunner.java:829)
at org.testng.TestRunner.run(TestRunner.java:602)
at org.testng.SuiteRunner.runTest(SuiteRunner.java:437)
at org.testng.SuiteRunner.runSequentially(SuiteRunner.java:431)
at org.testng.SuiteRunner.privateRun(SuiteRunner.java:391)
at org.testng.SuiteRunner.run(SuiteRunner.java:330)
at org.testng.SuiteRunnerWorker.runSuite(SuiteRunnerWorker.java:52)
at org.testng.SuiteRunnerWorker.run(SuiteRunnerWorker.java:95)
at org.testng.TestNG.runSuitesSequentially(TestNG.java:1256)
at org.testng.TestNG.runSuitesLocally(TestNG.java:1176)
at org.testng.TestNG.runSuites(TestNG.java:1099)
at org.testng.TestNG.run(TestNG.java:1067)
at org.apache.maven.surefire.testng.TestNGExecutor.run(TestNGExecutor.java:324)
at org.apache.maven.surefire.testng.TestNGXmlTestSuite.execute(TestNGXmlTestSuite.java:74)
at org.apache.maven.surefire.testng.TestNGProvider.invoke(TestNGProvider.java:123)
at org.apache.maven.surefire.booter.ForkedBooter.runSuitesInProcess(ForkedBooter.java:456)
at org.apache.maven.surefire.booter.ForkedBooter.execute(ForkedBooter.java:169)
at org.apache.maven.surefire.booter.ForkedBooter.run(ForkedBooter.java:595)
at org.apache.maven.surefire.booter.ForkedBooter.main(ForkedBooter.java:581)
]]>
            </full-stacktrace>
          </exception> <!-- org.openqa.selenium.WebDriverException -->
          <reporter-output>
          </reporter-output>
        </test-method> <!-- AddMultipleProductsToCartAndVerifyBrowserNavigation -->
        <test-method is-config="true" signature="tearDown()[pri:0, instance:androidFrameworkDesign.eCommerce_tc_4@4426bff1]" started-at="2023-02-09T12:36:19 IST" name="tearDown" finished-at="2023-02-09T12:36:19 IST" duration-ms="0" status="SKIP">
          <reporter-output>
          </reporter-output>
        </test-method> <!-- tearDown -->
      </class> <!-- androidFrameworkDesign.eCommerce_tc_4 -->
    </test> <!-- End End to Framework Test -->
    <test started-at="2023-02-09T12:36:20 IST" name="Error Validation Test" finished-at="2023-02-09T12:36:31 IST" duration-ms="10712">
      <class name="androidFrameworkDesign.eCommerce_tc_01">
        <test-method is-config="true" signature="ConfigureAppium()[pri:0, instance:androidFrameworkDesign.eCommerce_tc_01@16ce702d]" started-at="2023-02-09T12:36:20 IST" name="ConfigureAppium" finished-at="2023-02-09T12:36:30 IST" duration-ms="10161" status="PASS">
          <reporter-output>
          </reporter-output>
        </test-method> <!-- ConfigureAppium -->
        <test-method is-config="true" signature="preSetup()[pri:0, instance:androidFrameworkDesign.eCommerce_tc_01@16ce702d]" started-at="2023-02-09T12:36:30 IST" name="preSetup" finished-at="2023-02-09T12:36:31 IST" duration-ms="544" status="FAIL">
          <exception class="org.openqa.selenium.WebDriverException">
            <message>
              <![CDATA[An unknown server-side error occurred while processing the command. Original error: Cannot start the ''com.androidsample.generalstore'' application. Consider checking the driver's troubleshooting documentation. Original error: Error executing adbExec. Original error: 'Command 'C:\\Users\\Khadhar\\AppData\\Local\\Android\\Sdk\\platform-tools\\adb.exe -P 5037 -s b043aa38 shell am start -W -n "'com.androidsample.generalstore'/'com.androidsample.generalstore.MainActivity'" -S' exited with code 255'; Command output: Security exception: Permission Denial: starting Intent { flg=0x10000000 cmp=com.androidsample.generalstore/.MainActivity } from null (pid=7974, uid=2000) not exported from uid 10120

java.lang.SecurityException: Permission Denial: starting Intent { flg=0x10000000 cmp=com.androidsample.generalstore/.MainActivity } from null (pid=7974, uid=2000) not exported from uid 10120
at com.android.server.wm.ActivityStackSupervisor.checkStartAnyActivityPermission(ActivityStackSupervisor.java:1110)
at com.android.server.wm.ActivityStarter.startActivity(ActivityStarter.java:919)
at com.android.server.wm.ActivityStarter.startActivity(ActivityStarter.java:628)
at com.android.server.wm.ActivityStarter.startActivityMayWait(ActivityStarter.java:1495)
at com.android.server.wm.ActivityStarter.execute(ActivityStarter.java:553)
at com.android.server.wm.ActivityTaskManagerService.startActivityAndWait(ActivityTaskManagerService.java:1294)
at com.android.server.am.ActivityManagerService.startActivityAndWait(ActivityManagerService.java:3880)
at com.android.server.am.ActivityManagerShellCommand.runStartActivity(ActivityManagerShellCommand.java:518)
at com.android.server.am.ActivityManagerShellCommand.onCommand(ActivityManagerShellCommand.java:177)
at android.os.ShellCommand.exec(ShellCommand.java:104)
at com.android.server.am.ActivityManagerService.onShellCommand(ActivityManagerService.java:10843)
at android.os.Binder.shellCommand(Binder.java:892)
at android.os.Binder.onTransact(Binder.java:776)
at android.app.IActivityManager$Stub.onTransact(IActivityManager.java:4575)
at com.android.server.am.ActivityManagerService.onTransact(ActivityManagerService.java:3017)
at android.os.Binder.execTransactInternal(Binder.java:1032)
at android.os.Binder.execTransact(Binder.java:1005)

Build info: version: '4.7.2', revision: '4d4020c3b7'
System info: os.name: 'Windows 10', os.arch: 'amd64', os.version: '10.0', java.version: '11.0.17'
Driver info: io.appium.java_client.android.AndroidDriver
Command: [e647305a-ddb0-4a2a-8315-d70a17ba5f94, startActivity {appPackage='com.androidsample.generalstore', appActivity='com.androidsample.generalstore.MainActivity', appWaitPackage=, appWaitActivity=, dontStopAppOnReset=false, intentAction=, intentCategory=, intentFlags=, optionalIntentArguments=}]
Capabilities {appium:app: C:\Users\Khadhar\eclipse-wo..., appium:appPackage: com.androidsample.generalstore, appium:automationName: UIAutomator2, appium:chromedriverExecutable: C://Users//Khadhar//Downloa..., appium:databaseEnabled: false, appium:desired: {app: C:\Users\Khadhar\eclipse-wo..., automationName: UIAutomator2, chromedriverExecutable: C://Users//Khadhar//Downloa..., deviceName: OnePlus ONEPLUS A5000, platformName: android}, appium:deviceApiLevel: 29, appium:deviceManufacturer: OnePlus, appium:deviceModel: ONEPLUS A5000, appium:deviceName: b043aa38, appium:deviceScreenDensity: 380, appium:deviceScreenSize: 1080x1920, appium:deviceUDID: b043aa38, appium:javascriptEnabled: true, appium:locationContextEnabled: false, appium:networkConnectionEnabled: true, appium:pixelRatio: 2.375, appium:platformVersion: 10, appium:statBarHeight: 57, appium:takesScreenshot: true, appium:viewportRect: {height: 1863, left: 0, top: 57, width: 1080}, appium:warnings: {}, appium:webStorageEnabled: false, platformName: ANDROID}
Session ID: e647305a-ddb0-4a2a-8315-d70a17ba5f94]]>
            </message>
            <full-stacktrace>
              <![CDATA[org.openqa.selenium.WebDriverException: An unknown server-side error occurred while processing the command. Original error: Cannot start the ''com.androidsample.generalstore'' application. Consider checking the driver's troubleshooting documentation. Original error: Error executing adbExec. Original error: 'Command 'C:\\Users\\Khadhar\\AppData\\Local\\Android\\Sdk\\platform-tools\\adb.exe -P 5037 -s b043aa38 shell am start -W -n "'com.androidsample.generalstore'/'com.androidsample.generalstore.MainActivity'" -S' exited with code 255'; Command output: Security exception: Permission Denial: starting Intent { flg=0x10000000 cmp=com.androidsample.generalstore/.MainActivity } from null (pid=7974, uid=2000) not exported from uid 10120

java.lang.SecurityException: Permission Denial: starting Intent { flg=0x10000000 cmp=com.androidsample.generalstore/.MainActivity } from null (pid=7974, uid=2000) not exported from uid 10120
at com.android.server.wm.ActivityStackSupervisor.checkStartAnyActivityPermission(ActivityStackSupervisor.java:1110)
at com.android.server.wm.ActivityStarter.startActivity(ActivityStarter.java:919)
at com.android.server.wm.ActivityStarter.startActivity(ActivityStarter.java:628)
at com.android.server.wm.ActivityStarter.startActivityMayWait(ActivityStarter.java:1495)
at com.android.server.wm.ActivityStarter.execute(ActivityStarter.java:553)
at com.android.server.wm.ActivityTaskManagerService.startActivityAndWait(ActivityTaskManagerService.java:1294)
at com.android.server.am.ActivityManagerService.startActivityAndWait(ActivityManagerService.java:3880)
at com.android.server.am.ActivityManagerShellCommand.runStartActivity(ActivityManagerShellCommand.java:518)
at com.android.server.am.ActivityManagerShellCommand.onCommand(ActivityManagerShellCommand.java:177)
at android.os.ShellCommand.exec(ShellCommand.java:104)
at com.android.server.am.ActivityManagerService.onShellCommand(ActivityManagerService.java:10843)
at android.os.Binder.shellCommand(Binder.java:892)
at android.os.Binder.onTransact(Binder.java:776)
at android.app.IActivityManager$Stub.onTransact(IActivityManager.java:4575)
at com.android.server.am.ActivityManagerService.onTransact(ActivityManagerService.java:3017)
at android.os.Binder.execTransactInternal(Binder.java:1032)
at android.os.Binder.execTransact(Binder.java:1005)

Build info: version: '4.7.2', revision: '4d4020c3b7'
System info: os.name: 'Windows 10', os.arch: 'amd64', os.version: '10.0', java.version: '11.0.17'
Driver info: io.appium.java_client.android.AndroidDriver
Command: [e647305a-ddb0-4a2a-8315-d70a17ba5f94, startActivity {appPackage='com.androidsample.generalstore', appActivity='com.androidsample.generalstore.MainActivity', appWaitPackage=, appWaitActivity=, dontStopAppOnReset=false, intentAction=, intentCategory=, intentFlags=, optionalIntentArguments=}]
Capabilities {appium:app: C:\Users\Khadhar\eclipse-wo..., appium:appPackage: com.androidsample.generalstore, appium:automationName: UIAutomator2, appium:chromedriverExecutable: C://Users//Khadhar//Downloa..., appium:databaseEnabled: false, appium:desired: {app: C:\Users\Khadhar\eclipse-wo..., automationName: UIAutomator2, chromedriverExecutable: C://Users//Khadhar//Downloa..., deviceName: OnePlus ONEPLUS A5000, platformName: android}, appium:deviceApiLevel: 29, appium:deviceManufacturer: OnePlus, appium:deviceModel: ONEPLUS A5000, appium:deviceName: b043aa38, appium:deviceScreenDensity: 380, appium:deviceScreenSize: 1080x1920, appium:deviceUDID: b043aa38, appium:javascriptEnabled: true, appium:locationContextEnabled: false, appium:networkConnectionEnabled: true, appium:pixelRatio: 2.375, appium:platformVersion: 10, appium:statBarHeight: 57, appium:takesScreenshot: true, appium:viewportRect: {height: 1863, left: 0, top: 57, width: 1080}, appium:warnings: {}, appium:webStorageEnabled: false, platformName: ANDROID}
Session ID: e647305a-ddb0-4a2a-8315-d70a17ba5f94
at java.base/jdk.internal.reflect.NativeConstructorAccessorImpl.newInstance0(Native Method)
at java.base/jdk.internal.reflect.NativeConstructorAccessorImpl.newInstance(NativeConstructorAccessorImpl.java:62)
at java.base/jdk.internal.reflect.DelegatingConstructorAccessorImpl.newInstance(DelegatingConstructorAccessorImpl.java:45)
at java.base/java.lang.reflect.Constructor.newInstance(Constructor.java:490)
at org.openqa.selenium.remote.codec.w3c.W3CHttpResponseCodec.createException(W3CHttpResponseCodec.java:200)
at org.openqa.selenium.remote.codec.w3c.W3CHttpResponseCodec.decode(W3CHttpResponseCodec.java:133)
at org.openqa.selenium.remote.codec.w3c.W3CHttpResponseCodec.decode(W3CHttpResponseCodec.java:53)
at org.openqa.selenium.remote.HttpCommandExecutor.execute(HttpCommandExecutor.java:184)
at io.appium.java_client.remote.AppiumCommandExecutor.execute(AppiumCommandExecutor.java:262)
at org.openqa.selenium.remote.RemoteWebDriver.execute(RemoteWebDriver.java:535)
at org.openqa.selenium.remote.RemoteWebDriver.execute(RemoteWebDriver.java:590)
at io.appium.java_client.AppiumDriver.execute(AppiumDriver.java:267)
at io.appium.java_client.CommandExecutionHelper.execute(CommandExecutionHelper.java:27)
at io.appium.java_client.android.StartsActivity.startActivity(StartsActivity.java:45)
at com.frameworkdesign.pageobjects.android.FormPage.setActivity(FormPage.java:54)
at androidFrameworkDesign.eCommerce_tc_01.preSetup(eCommerce_tc_01.java:16)
at java.base/jdk.internal.reflect.NativeMethodAccessorImpl.invoke0(Native Method)
at java.base/jdk.internal.reflect.NativeMethodAccessorImpl.invoke(NativeMethodAccessorImpl.java:62)
at java.base/jdk.internal.reflect.DelegatingMethodAccessorImpl.invoke(DelegatingMethodAccessorImpl.java:43)
at java.base/java.lang.reflect.Method.invoke(Method.java:566)
at org.testng.internal.invokers.MethodInvocationHelper.invokeMethod(MethodInvocationHelper.java:139)
at org.testng.internal.invokers.MethodInvocationHelper.invokeMethodConsideringTimeout(MethodInvocationHelper.java:69)
at org.testng.internal.invokers.ConfigInvoker.invokeConfigurationMethod(ConfigInvoker.java:361)
at org.testng.internal.invokers.ConfigInvoker.invokeConfigurations(ConfigInvoker.java:296)
at org.testng.internal.invokers.TestInvoker.runConfigMethods(TestInvoker.java:823)
at org.testng.internal.invokers.TestInvoker.invokeMethod(TestInvoker.java:590)
at org.testng.internal.invokers.TestInvoker.invokeTestMethod(TestInvoker.java:221)
at org.testng.internal.invokers.MethodRunner.runInSequence(MethodRunner.java:50)
at org.testng.internal.invokers.TestInvoker$MethodInvocationAgent.invoke(TestInvoker.java:969)
at org.testng.internal.invokers.TestInvoker.invokeTestMethods(TestInvoker.java:194)
at org.testng.internal.invokers.TestMethodWorker.invokeTestMethods(TestMethodWorker.java:148)
at org.testng.internal.invokers.TestMethodWorker.run(TestMethodWorker.java:128)
at java.base/java.util.ArrayList.forEach(ArrayList.java:1541)
at org.testng.TestRunner.privateRun(TestRunner.java:829)
at org.testng.TestRunner.run(TestRunner.java:602)
at org.testng.SuiteRunner.runTest(SuiteRunner.java:437)
at org.testng.SuiteRunner.runSequentially(SuiteRunner.java:431)
at org.testng.SuiteRunner.privateRun(SuiteRunner.java:391)
at org.testng.SuiteRunner.run(SuiteRunner.java:330)
at org.testng.SuiteRunnerWorker.runSuite(SuiteRunnerWorker.java:52)
at org.testng.SuiteRunnerWorker.run(SuiteRunnerWorker.java:95)
at org.testng.TestNG.runSuitesSequentially(TestNG.java:1256)
at org.testng.TestNG.runSuitesLocally(TestNG.java:1176)
at org.testng.TestNG.runSuites(TestNG.java:1099)
at org.testng.TestNG.run(TestNG.java:1067)
at org.apache.maven.surefire.testng.TestNGExecutor.run(TestNGExecutor.java:324)
at org.apache.maven.surefire.testng.TestNGXmlTestSuite.execute(TestNGXmlTestSuite.java:74)
at org.apache.maven.surefire.testng.TestNGProvider.invoke(TestNGProvider.java:123)
at org.apache.maven.surefire.booter.ForkedBooter.runSuitesInProcess(ForkedBooter.java:456)
at org.apache.maven.surefire.booter.ForkedBooter.execute(ForkedBooter.java:169)
at org.apache.maven.surefire.booter.ForkedBooter.run(ForkedBooter.java:595)
at org.apache.maven.surefire.booter.ForkedBooter.main(ForkedBooter.java:581)
]]>
            </full-stacktrace>
          </exception> <!-- org.openqa.selenium.WebDriverException -->
          <reporter-output>
          </reporter-output>
        </test-method> <!-- preSetup -->
        <test-method signature="FillForm_ErrorValidationTest()[pri:0, instance:androidFrameworkDesign.eCommerce_tc_01@16ce702d]" started-at="2023-02-09T12:36:31 IST" name="FillForm_ErrorValidationTest" finished-at="2023-02-09T12:36:31 IST" duration-ms="0" status="SKIP">
          <exception class="org.openqa.selenium.WebDriverException">
            <message>
              <![CDATA[An unknown server-side error occurred while processing the command. Original error: Cannot start the ''com.androidsample.generalstore'' application. Consider checking the driver's troubleshooting documentation. Original error: Error executing adbExec. Original error: 'Command 'C:\\Users\\Khadhar\\AppData\\Local\\Android\\Sdk\\platform-tools\\adb.exe -P 5037 -s b043aa38 shell am start -W -n "'com.androidsample.generalstore'/'com.androidsample.generalstore.MainActivity'" -S' exited with code 255'; Command output: Security exception: Permission Denial: starting Intent { flg=0x10000000 cmp=com.androidsample.generalstore/.MainActivity } from null (pid=7974, uid=2000) not exported from uid 10120

java.lang.SecurityException: Permission Denial: starting Intent { flg=0x10000000 cmp=com.androidsample.generalstore/.MainActivity } from null (pid=7974, uid=2000) not exported from uid 10120
at com.android.server.wm.ActivityStackSupervisor.checkStartAnyActivityPermission(ActivityStackSupervisor.java:1110)
at com.android.server.wm.ActivityStarter.startActivity(ActivityStarter.java:919)
at com.android.server.wm.ActivityStarter.startActivity(ActivityStarter.java:628)
at com.android.server.wm.ActivityStarter.startActivityMayWait(ActivityStarter.java:1495)
at com.android.server.wm.ActivityStarter.execute(ActivityStarter.java:553)
at com.android.server.wm.ActivityTaskManagerService.startActivityAndWait(ActivityTaskManagerService.java:1294)
at com.android.server.am.ActivityManagerService.startActivityAndWait(ActivityManagerService.java:3880)
at com.android.server.am.ActivityManagerShellCommand.runStartActivity(ActivityManagerShellCommand.java:518)
at com.android.server.am.ActivityManagerShellCommand.onCommand(ActivityManagerShellCommand.java:177)
at android.os.ShellCommand.exec(ShellCommand.java:104)
at com.android.server.am.ActivityManagerService.onShellCommand(ActivityManagerService.java:10843)
at android.os.Binder.shellCommand(Binder.java:892)
at android.os.Binder.onTransact(Binder.java:776)
at android.app.IActivityManager$Stub.onTransact(IActivityManager.java:4575)
at com.android.server.am.ActivityManagerService.onTransact(ActivityManagerService.java:3017)
at android.os.Binder.execTransactInternal(Binder.java:1032)
at android.os.Binder.execTransact(Binder.java:1005)

Build info: version: '4.7.2', revision: '4d4020c3b7'
System info: os.name: 'Windows 10', os.arch: 'amd64', os.version: '10.0', java.version: '11.0.17'
Driver info: io.appium.java_client.android.AndroidDriver
Command: [e647305a-ddb0-4a2a-8315-d70a17ba5f94, startActivity {appPackage='com.androidsample.generalstore', appActivity='com.androidsample.generalstore.MainActivity', appWaitPackage=, appWaitActivity=, dontStopAppOnReset=false, intentAction=, intentCategory=, intentFlags=, optionalIntentArguments=}]
Capabilities {appium:app: C:\Users\Khadhar\eclipse-wo..., appium:appPackage: com.androidsample.generalstore, appium:automationName: UIAutomator2, appium:chromedriverExecutable: C://Users//Khadhar//Downloa..., appium:databaseEnabled: false, appium:desired: {app: C:\Users\Khadhar\eclipse-wo..., automationName: UIAutomator2, chromedriverExecutable: C://Users//Khadhar//Downloa..., deviceName: OnePlus ONEPLUS A5000, platformName: android}, appium:deviceApiLevel: 29, appium:deviceManufacturer: OnePlus, appium:deviceModel: ONEPLUS A5000, appium:deviceName: b043aa38, appium:deviceScreenDensity: 380, appium:deviceScreenSize: 1080x1920, appium:deviceUDID: b043aa38, appium:javascriptEnabled: true, appium:locationContextEnabled: false, appium:networkConnectionEnabled: true, appium:pixelRatio: 2.375, appium:platformVersion: 10, appium:statBarHeight: 57, appium:takesScreenshot: true, appium:viewportRect: {height: 1863, left: 0, top: 57, width: 1080}, appium:warnings: {}, appium:webStorageEnabled: false, platformName: ANDROID}
Session ID: e647305a-ddb0-4a2a-8315-d70a17ba5f94]]>
            </message>
            <full-stacktrace>
              <![CDATA[org.openqa.selenium.WebDriverException: An unknown server-side error occurred while processing the command. Original error: Cannot start the ''com.androidsample.generalstore'' application. Consider checking the driver's troubleshooting documentation. Original error: Error executing adbExec. Original error: 'Command 'C:\\Users\\Khadhar\\AppData\\Local\\Android\\Sdk\\platform-tools\\adb.exe -P 5037 -s b043aa38 shell am start -W -n "'com.androidsample.generalstore'/'com.androidsample.generalstore.MainActivity'" -S' exited with code 255'; Command output: Security exception: Permission Denial: starting Intent { flg=0x10000000 cmp=com.androidsample.generalstore/.MainActivity } from null (pid=7974, uid=2000) not exported from uid 10120

java.lang.SecurityException: Permission Denial: starting Intent { flg=0x10000000 cmp=com.androidsample.generalstore/.MainActivity } from null (pid=7974, uid=2000) not exported from uid 10120
at com.android.server.wm.ActivityStackSupervisor.checkStartAnyActivityPermission(ActivityStackSupervisor.java:1110)
at com.android.server.wm.ActivityStarter.startActivity(ActivityStarter.java:919)
at com.android.server.wm.ActivityStarter.startActivity(ActivityStarter.java:628)
at com.android.server.wm.ActivityStarter.startActivityMayWait(ActivityStarter.java:1495)
at com.android.server.wm.ActivityStarter.execute(ActivityStarter.java:553)
at com.android.server.wm.ActivityTaskManagerService.startActivityAndWait(ActivityTaskManagerService.java:1294)
at com.android.server.am.ActivityManagerService.startActivityAndWait(ActivityManagerService.java:3880)
at com.android.server.am.ActivityManagerShellCommand.runStartActivity(ActivityManagerShellCommand.java:518)
at com.android.server.am.ActivityManagerShellCommand.onCommand(ActivityManagerShellCommand.java:177)
at android.os.ShellCommand.exec(ShellCommand.java:104)
at com.android.server.am.ActivityManagerService.onShellCommand(ActivityManagerService.java:10843)
at android.os.Binder.shellCommand(Binder.java:892)
at android.os.Binder.onTransact(Binder.java:776)
at android.app.IActivityManager$Stub.onTransact(IActivityManager.java:4575)
at com.android.server.am.ActivityManagerService.onTransact(ActivityManagerService.java:3017)
at android.os.Binder.execTransactInternal(Binder.java:1032)
at android.os.Binder.execTransact(Binder.java:1005)

Build info: version: '4.7.2', revision: '4d4020c3b7'
System info: os.name: 'Windows 10', os.arch: 'amd64', os.version: '10.0', java.version: '11.0.17'
Driver info: io.appium.java_client.android.AndroidDriver
Command: [e647305a-ddb0-4a2a-8315-d70a17ba5f94, startActivity {appPackage='com.androidsample.generalstore', appActivity='com.androidsample.generalstore.MainActivity', appWaitPackage=, appWaitActivity=, dontStopAppOnReset=false, intentAction=, intentCategory=, intentFlags=, optionalIntentArguments=}]
Capabilities {appium:app: C:\Users\Khadhar\eclipse-wo..., appium:appPackage: com.androidsample.generalstore, appium:automationName: UIAutomator2, appium:chromedriverExecutable: C://Users//Khadhar//Downloa..., appium:databaseEnabled: false, appium:desired: {app: C:\Users\Khadhar\eclipse-wo..., automationName: UIAutomator2, chromedriverExecutable: C://Users//Khadhar//Downloa..., deviceName: OnePlus ONEPLUS A5000, platformName: android}, appium:deviceApiLevel: 29, appium:deviceManufacturer: OnePlus, appium:deviceModel: ONEPLUS A5000, appium:deviceName: b043aa38, appium:deviceScreenDensity: 380, appium:deviceScreenSize: 1080x1920, appium:deviceUDID: b043aa38, appium:javascriptEnabled: true, appium:locationContextEnabled: false, appium:networkConnectionEnabled: true, appium:pixelRatio: 2.375, appium:platformVersion: 10, appium:statBarHeight: 57, appium:takesScreenshot: true, appium:viewportRect: {height: 1863, left: 0, top: 57, width: 1080}, appium:warnings: {}, appium:webStorageEnabled: false, platformName: ANDROID}
Session ID: e647305a-ddb0-4a2a-8315-d70a17ba5f94
at java.base/jdk.internal.reflect.NativeConstructorAccessorImpl.newInstance0(Native Method)
at java.base/jdk.internal.reflect.NativeConstructorAccessorImpl.newInstance(NativeConstructorAccessorImpl.java:62)
at java.base/jdk.internal.reflect.DelegatingConstructorAccessorImpl.newInstance(DelegatingConstructorAccessorImpl.java:45)
at java.base/java.lang.reflect.Constructor.newInstance(Constructor.java:490)
at org.openqa.selenium.remote.codec.w3c.W3CHttpResponseCodec.createException(W3CHttpResponseCodec.java:200)
at org.openqa.selenium.remote.codec.w3c.W3CHttpResponseCodec.decode(W3CHttpResponseCodec.java:133)
at org.openqa.selenium.remote.codec.w3c.W3CHttpResponseCodec.decode(W3CHttpResponseCodec.java:53)
at org.openqa.selenium.remote.HttpCommandExecutor.execute(HttpCommandExecutor.java:184)
at io.appium.java_client.remote.AppiumCommandExecutor.execute(AppiumCommandExecutor.java:262)
at org.openqa.selenium.remote.RemoteWebDriver.execute(RemoteWebDriver.java:535)
at org.openqa.selenium.remote.RemoteWebDriver.execute(RemoteWebDriver.java:590)
at io.appium.java_client.AppiumDriver.execute(AppiumDriver.java:267)
at io.appium.java_client.CommandExecutionHelper.execute(CommandExecutionHelper.java:27)
at io.appium.java_client.android.StartsActivity.startActivity(StartsActivity.java:45)
at com.frameworkdesign.pageobjects.android.FormPage.setActivity(FormPage.java:54)
at androidFrameworkDesign.eCommerce_tc_01.preSetup(eCommerce_tc_01.java:16)
at java.base/jdk.internal.reflect.NativeMethodAccessorImpl.invoke0(Native Method)
at java.base/jdk.internal.reflect.NativeMethodAccessorImpl.invoke(NativeMethodAccessorImpl.java:62)
at java.base/jdk.internal.reflect.DelegatingMethodAccessorImpl.invoke(DelegatingMethodAccessorImpl.java:43)
at java.base/java.lang.reflect.Method.invoke(Method.java:566)
at org.testng.internal.invokers.MethodInvocationHelper.invokeMethod(MethodInvocationHelper.java:139)
at org.testng.internal.invokers.MethodInvocationHelper.invokeMethodConsideringTimeout(MethodInvocationHelper.java:69)
at org.testng.internal.invokers.ConfigInvoker.invokeConfigurationMethod(ConfigInvoker.java:361)
at org.testng.internal.invokers.ConfigInvoker.invokeConfigurations(ConfigInvoker.java:296)
at org.testng.internal.invokers.TestInvoker.runConfigMethods(TestInvoker.java:823)
at org.testng.internal.invokers.TestInvoker.invokeMethod(TestInvoker.java:590)
at org.testng.internal.invokers.TestInvoker.invokeTestMethod(TestInvoker.java:221)
at org.testng.internal.invokers.MethodRunner.runInSequence(MethodRunner.java:50)
at org.testng.internal.invokers.TestInvoker$MethodInvocationAgent.invoke(TestInvoker.java:969)
at org.testng.internal.invokers.TestInvoker.invokeTestMethods(TestInvoker.java:194)
at org.testng.internal.invokers.TestMethodWorker.invokeTestMethods(TestMethodWorker.java:148)
at org.testng.internal.invokers.TestMethodWorker.run(TestMethodWorker.java:128)
at java.base/java.util.ArrayList.forEach(ArrayList.java:1541)
at org.testng.TestRunner.privateRun(TestRunner.java:829)
at org.testng.TestRunner.run(TestRunner.java:602)
at org.testng.SuiteRunner.runTest(SuiteRunner.java:437)
at org.testng.SuiteRunner.runSequentially(SuiteRunner.java:431)
at org.testng.SuiteRunner.privateRun(SuiteRunner.java:391)
at org.testng.SuiteRunner.run(SuiteRunner.java:330)
at org.testng.SuiteRunnerWorker.runSuite(SuiteRunnerWorker.java:52)
at org.testng.SuiteRunnerWorker.run(SuiteRunnerWorker.java:95)
at org.testng.TestNG.runSuitesSequentially(TestNG.java:1256)
at org.testng.TestNG.runSuitesLocally(TestNG.java:1176)
at org.testng.TestNG.runSuites(TestNG.java:1099)
at org.testng.TestNG.run(TestNG.java:1067)
at org.apache.maven.surefire.testng.TestNGExecutor.run(TestNGExecutor.java:324)
at org.apache.maven.surefire.testng.TestNGXmlTestSuite.execute(TestNGXmlTestSuite.java:74)
at org.apache.maven.surefire.testng.TestNGProvider.invoke(TestNGProvider.java:123)
at org.apache.maven.surefire.booter.ForkedBooter.runSuitesInProcess(ForkedBooter.java:456)
at org.apache.maven.surefire.booter.ForkedBooter.execute(ForkedBooter.java:169)
at org.apache.maven.surefire.booter.ForkedBooter.run(ForkedBooter.java:595)
at org.apache.maven.surefire.booter.ForkedBooter.main(ForkedBooter.java:581)
]]>
            </full-stacktrace>
          </exception> <!-- org.openqa.selenium.WebDriverException -->
          <reporter-output>
          </reporter-output>
        </test-method> <!-- FillForm_ErrorValidationTest -->
        <test-method is-config="true" signature="preSetup()[pri:0, instance:androidFrameworkDesign.eCommerce_tc_01@16ce702d]" started-at="2023-02-09T12:36:31 IST" name="preSetup" finished-at="2023-02-09T12:36:31 IST" duration-ms="0" status="SKIP">
          <reporter-output>
          </reporter-output>
        </test-method> <!-- preSetup -->
        <test-method signature="FillForm_PositiveFlowTest()[pri:0, instance:androidFrameworkDesign.eCommerce_tc_01@16ce702d]" started-at="2023-02-09T12:36:31 IST" name="FillForm_PositiveFlowTest" finished-at="2023-02-09T12:36:31 IST" duration-ms="0" status="SKIP">
          <exception class="org.openqa.selenium.WebDriverException">
            <message>
              <![CDATA[An unknown server-side error occurred while processing the command. Original error: Cannot start the ''com.androidsample.generalstore'' application. Consider checking the driver's troubleshooting documentation. Original error: Error executing adbExec. Original error: 'Command 'C:\\Users\\Khadhar\\AppData\\Local\\Android\\Sdk\\platform-tools\\adb.exe -P 5037 -s b043aa38 shell am start -W -n "'com.androidsample.generalstore'/'com.androidsample.generalstore.MainActivity'" -S' exited with code 255'; Command output: Security exception: Permission Denial: starting Intent { flg=0x10000000 cmp=com.androidsample.generalstore/.MainActivity } from null (pid=7974, uid=2000) not exported from uid 10120

java.lang.SecurityException: Permission Denial: starting Intent { flg=0x10000000 cmp=com.androidsample.generalstore/.MainActivity } from null (pid=7974, uid=2000) not exported from uid 10120
at com.android.server.wm.ActivityStackSupervisor.checkStartAnyActivityPermission(ActivityStackSupervisor.java:1110)
at com.android.server.wm.ActivityStarter.startActivity(ActivityStarter.java:919)
at com.android.server.wm.ActivityStarter.startActivity(ActivityStarter.java:628)
at com.android.server.wm.ActivityStarter.startActivityMayWait(ActivityStarter.java:1495)
at com.android.server.wm.ActivityStarter.execute(ActivityStarter.java:553)
at com.android.server.wm.ActivityTaskManagerService.startActivityAndWait(ActivityTaskManagerService.java:1294)
at com.android.server.am.ActivityManagerService.startActivityAndWait(ActivityManagerService.java:3880)
at com.android.server.am.ActivityManagerShellCommand.runStartActivity(ActivityManagerShellCommand.java:518)
at com.android.server.am.ActivityManagerShellCommand.onCommand(ActivityManagerShellCommand.java:177)
at android.os.ShellCommand.exec(ShellCommand.java:104)
at com.android.server.am.ActivityManagerService.onShellCommand(ActivityManagerService.java:10843)
at android.os.Binder.shellCommand(Binder.java:892)
at android.os.Binder.onTransact(Binder.java:776)
at android.app.IActivityManager$Stub.onTransact(IActivityManager.java:4575)
at com.android.server.am.ActivityManagerService.onTransact(ActivityManagerService.java:3017)
at android.os.Binder.execTransactInternal(Binder.java:1032)
at android.os.Binder.execTransact(Binder.java:1005)

Build info: version: '4.7.2', revision: '4d4020c3b7'
System info: os.name: 'Windows 10', os.arch: 'amd64', os.version: '10.0', java.version: '11.0.17'
Driver info: io.appium.java_client.android.AndroidDriver
Command: [e647305a-ddb0-4a2a-8315-d70a17ba5f94, startActivity {appPackage='com.androidsample.generalstore', appActivity='com.androidsample.generalstore.MainActivity', appWaitPackage=, appWaitActivity=, dontStopAppOnReset=false, intentAction=, intentCategory=, intentFlags=, optionalIntentArguments=}]
Capabilities {appium:app: C:\Users\Khadhar\eclipse-wo..., appium:appPackage: com.androidsample.generalstore, appium:automationName: UIAutomator2, appium:chromedriverExecutable: C://Users//Khadhar//Downloa..., appium:databaseEnabled: false, appium:desired: {app: C:\Users\Khadhar\eclipse-wo..., automationName: UIAutomator2, chromedriverExecutable: C://Users//Khadhar//Downloa..., deviceName: OnePlus ONEPLUS A5000, platformName: android}, appium:deviceApiLevel: 29, appium:deviceManufacturer: OnePlus, appium:deviceModel: ONEPLUS A5000, appium:deviceName: b043aa38, appium:deviceScreenDensity: 380, appium:deviceScreenSize: 1080x1920, appium:deviceUDID: b043aa38, appium:javascriptEnabled: true, appium:locationContextEnabled: false, appium:networkConnectionEnabled: true, appium:pixelRatio: 2.375, appium:platformVersion: 10, appium:statBarHeight: 57, appium:takesScreenshot: true, appium:viewportRect: {height: 1863, left: 0, top: 57, width: 1080}, appium:warnings: {}, appium:webStorageEnabled: false, platformName: ANDROID}
Session ID: e647305a-ddb0-4a2a-8315-d70a17ba5f94]]>
            </message>
            <full-stacktrace>
              <![CDATA[org.openqa.selenium.WebDriverException: An unknown server-side error occurred while processing the command. Original error: Cannot start the ''com.androidsample.generalstore'' application. Consider checking the driver's troubleshooting documentation. Original error: Error executing adbExec. Original error: 'Command 'C:\\Users\\Khadhar\\AppData\\Local\\Android\\Sdk\\platform-tools\\adb.exe -P 5037 -s b043aa38 shell am start -W -n "'com.androidsample.generalstore'/'com.androidsample.generalstore.MainActivity'" -S' exited with code 255'; Command output: Security exception: Permission Denial: starting Intent { flg=0x10000000 cmp=com.androidsample.generalstore/.MainActivity } from null (pid=7974, uid=2000) not exported from uid 10120

java.lang.SecurityException: Permission Denial: starting Intent { flg=0x10000000 cmp=com.androidsample.generalstore/.MainActivity } from null (pid=7974, uid=2000) not exported from uid 10120
at com.android.server.wm.ActivityStackSupervisor.checkStartAnyActivityPermission(ActivityStackSupervisor.java:1110)
at com.android.server.wm.ActivityStarter.startActivity(ActivityStarter.java:919)
at com.android.server.wm.ActivityStarter.startActivity(ActivityStarter.java:628)
at com.android.server.wm.ActivityStarter.startActivityMayWait(ActivityStarter.java:1495)
at com.android.server.wm.ActivityStarter.execute(ActivityStarter.java:553)
at com.android.server.wm.ActivityTaskManagerService.startActivityAndWait(ActivityTaskManagerService.java:1294)
at com.android.server.am.ActivityManagerService.startActivityAndWait(ActivityManagerService.java:3880)
at com.android.server.am.ActivityManagerShellCommand.runStartActivity(ActivityManagerShellCommand.java:518)
at com.android.server.am.ActivityManagerShellCommand.onCommand(ActivityManagerShellCommand.java:177)
at android.os.ShellCommand.exec(ShellCommand.java:104)
at com.android.server.am.ActivityManagerService.onShellCommand(ActivityManagerService.java:10843)
at android.os.Binder.shellCommand(Binder.java:892)
at android.os.Binder.onTransact(Binder.java:776)
at android.app.IActivityManager$Stub.onTransact(IActivityManager.java:4575)
at com.android.server.am.ActivityManagerService.onTransact(ActivityManagerService.java:3017)
at android.os.Binder.execTransactInternal(Binder.java:1032)
at android.os.Binder.execTransact(Binder.java:1005)

Build info: version: '4.7.2', revision: '4d4020c3b7'
System info: os.name: 'Windows 10', os.arch: 'amd64', os.version: '10.0', java.version: '11.0.17'
Driver info: io.appium.java_client.android.AndroidDriver
Command: [e647305a-ddb0-4a2a-8315-d70a17ba5f94, startActivity {appPackage='com.androidsample.generalstore', appActivity='com.androidsample.generalstore.MainActivity', appWaitPackage=, appWaitActivity=, dontStopAppOnReset=false, intentAction=, intentCategory=, intentFlags=, optionalIntentArguments=}]
Capabilities {appium:app: C:\Users\Khadhar\eclipse-wo..., appium:appPackage: com.androidsample.generalstore, appium:automationName: UIAutomator2, appium:chromedriverExecutable: C://Users//Khadhar//Downloa..., appium:databaseEnabled: false, appium:desired: {app: C:\Users\Khadhar\eclipse-wo..., automationName: UIAutomator2, chromedriverExecutable: C://Users//Khadhar//Downloa..., deviceName: OnePlus ONEPLUS A5000, platformName: android}, appium:deviceApiLevel: 29, appium:deviceManufacturer: OnePlus, appium:deviceModel: ONEPLUS A5000, appium:deviceName: b043aa38, appium:deviceScreenDensity: 380, appium:deviceScreenSize: 1080x1920, appium:deviceUDID: b043aa38, appium:javascriptEnabled: true, appium:locationContextEnabled: false, appium:networkConnectionEnabled: true, appium:pixelRatio: 2.375, appium:platformVersion: 10, appium:statBarHeight: 57, appium:takesScreenshot: true, appium:viewportRect: {height: 1863, left: 0, top: 57, width: 1080}, appium:warnings: {}, appium:webStorageEnabled: false, platformName: ANDROID}
Session ID: e647305a-ddb0-4a2a-8315-d70a17ba5f94
at java.base/jdk.internal.reflect.NativeConstructorAccessorImpl.newInstance0(Native Method)
at java.base/jdk.internal.reflect.NativeConstructorAccessorImpl.newInstance(NativeConstructorAccessorImpl.java:62)
at java.base/jdk.internal.reflect.DelegatingConstructorAccessorImpl.newInstance(DelegatingConstructorAccessorImpl.java:45)
at java.base/java.lang.reflect.Constructor.newInstance(Constructor.java:490)
at org.openqa.selenium.remote.codec.w3c.W3CHttpResponseCodec.createException(W3CHttpResponseCodec.java:200)
at org.openqa.selenium.remote.codec.w3c.W3CHttpResponseCodec.decode(W3CHttpResponseCodec.java:133)
at org.openqa.selenium.remote.codec.w3c.W3CHttpResponseCodec.decode(W3CHttpResponseCodec.java:53)
at org.openqa.selenium.remote.HttpCommandExecutor.execute(HttpCommandExecutor.java:184)
at io.appium.java_client.remote.AppiumCommandExecutor.execute(AppiumCommandExecutor.java:262)
at org.openqa.selenium.remote.RemoteWebDriver.execute(RemoteWebDriver.java:535)
at org.openqa.selenium.remote.RemoteWebDriver.execute(RemoteWebDriver.java:590)
at io.appium.java_client.AppiumDriver.execute(AppiumDriver.java:267)
at io.appium.java_client.CommandExecutionHelper.execute(CommandExecutionHelper.java:27)
at io.appium.java_client.android.StartsActivity.startActivity(StartsActivity.java:45)
at com.frameworkdesign.pageobjects.android.FormPage.setActivity(FormPage.java:54)
at androidFrameworkDesign.eCommerce_tc_01.preSetup(eCommerce_tc_01.java:16)
at java.base/jdk.internal.reflect.NativeMethodAccessorImpl.invoke0(Native Method)
at java.base/jdk.internal.reflect.NativeMethodAccessorImpl.invoke(NativeMethodAccessorImpl.java:62)
at java.base/jdk.internal.reflect.DelegatingMethodAccessorImpl.invoke(DelegatingMethodAccessorImpl.java:43)
at java.base/java.lang.reflect.Method.invoke(Method.java:566)
at org.testng.internal.invokers.MethodInvocationHelper.invokeMethod(MethodInvocationHelper.java:139)
at org.testng.internal.invokers.MethodInvocationHelper.invokeMethodConsideringTimeout(MethodInvocationHelper.java:69)
at org.testng.internal.invokers.ConfigInvoker.invokeConfigurationMethod(ConfigInvoker.java:361)
at org.testng.internal.invokers.ConfigInvoker.invokeConfigurations(ConfigInvoker.java:296)
at org.testng.internal.invokers.TestInvoker.runConfigMethods(TestInvoker.java:823)
at org.testng.internal.invokers.TestInvoker.invokeMethod(TestInvoker.java:590)
at org.testng.internal.invokers.TestInvoker.invokeTestMethod(TestInvoker.java:221)
at org.testng.internal.invokers.MethodRunner.runInSequence(MethodRunner.java:50)
at org.testng.internal.invokers.TestInvoker$MethodInvocationAgent.invoke(TestInvoker.java:969)
at org.testng.internal.invokers.TestInvoker.invokeTestMethods(TestInvoker.java:194)
at org.testng.internal.invokers.TestMethodWorker.invokeTestMethods(TestMethodWorker.java:148)
at org.testng.internal.invokers.TestMethodWorker.run(TestMethodWorker.java:128)
at java.base/java.util.ArrayList.forEach(ArrayList.java:1541)
at org.testng.TestRunner.privateRun(TestRunner.java:829)
at org.testng.TestRunner.run(TestRunner.java:602)
at org.testng.SuiteRunner.runTest(SuiteRunner.java:437)
at org.testng.SuiteRunner.runSequentially(SuiteRunner.java:431)
at org.testng.SuiteRunner.privateRun(SuiteRunner.java:391)
at org.testng.SuiteRunner.run(SuiteRunner.java:330)
at org.testng.SuiteRunnerWorker.runSuite(SuiteRunnerWorker.java:52)
at org.testng.SuiteRunnerWorker.run(SuiteRunnerWorker.java:95)
at org.testng.TestNG.runSuitesSequentially(TestNG.java:1256)
at org.testng.TestNG.runSuitesLocally(TestNG.java:1176)
at org.testng.TestNG.runSuites(TestNG.java:1099)
at org.testng.TestNG.run(TestNG.java:1067)
at org.apache.maven.surefire.testng.TestNGExecutor.run(TestNGExecutor.java:324)
at org.apache.maven.surefire.testng.TestNGXmlTestSuite.execute(TestNGXmlTestSuite.java:74)
at org.apache.maven.surefire.testng.TestNGProvider.invoke(TestNGProvider.java:123)
at org.apache.maven.surefire.booter.ForkedBooter.runSuitesInProcess(ForkedBooter.java:456)
at org.apache.maven.surefire.booter.ForkedBooter.execute(ForkedBooter.java:169)
at org.apache.maven.surefire.booter.ForkedBooter.run(ForkedBooter.java:595)
at org.apache.maven.surefire.booter.ForkedBooter.main(ForkedBooter.java:581)
]]>
            </full-stacktrace>
          </exception> <!-- org.openqa.selenium.WebDriverException -->
          <reporter-output>
          </reporter-output>
        </test-method> <!-- FillForm_PositiveFlowTest -->
        <test-method is-config="true" signature="tearDown()[pri:0, instance:androidFrameworkDesign.eCommerce_tc_01@16ce702d]" started-at="2023-02-09T12:36:31 IST" name="tearDown" finished-at="2023-02-09T12:36:31 IST" duration-ms="0" status="SKIP">
          <reporter-output>
          </reporter-output>
        </test-method> <!-- tearDown -->
      </class> <!-- androidFrameworkDesign.eCommerce_tc_01 -->
    </test> <!-- Error Validation Test -->
  </suite> <!-- Suite -->
</testng-results>
